{"meta": {"format": 3, "version": "7.10.7", "timestamp": "2026-02-11T13:11:06.814494", "branch_coverage": false, "show_contexts": false}, "files": {"vivarium/runtime/control_panel/__init__.py": {"executed_lines": [1], "summary": {"covered_lines": 0, "num_statements": 0, "percent_covered": 100.0, "percent_covered_display": "100", "missing_lines": 0, "excluded_lines": 0}, "missing_lines": [], "excluded_lines": [], "functions": {"": {"executed_lines": [1], "summary": {"covered_lines": 0, "num_statements": 0, "percent_covered": 100.0, "percent_covered_display": "100", "missing_lines": 0, "excluded_lines": 0}, "missing_lines": [], "excluded_lines": []}}, "classes": {"": {"executed_lines": [1], "summary": {"covered_lines": 0, "num_statements": 0, "percent_covered": 100.0, "percent_covered_display": "100", "missing_lines": 0, "excluded_lines": 0}, "missing_lines": [], "excluded_lines": []}}}, "vivarium/runtime/control_panel/blueprints/artifacts/__init__.py": {"executed_lines": [1, 2], "summary": {"covered_lines": 2, "num_statements": 2, "percent_covered": 100.0, "percent_covered_display": "100", "missing_lines": 0, "excluded_lines": 0}, "missing_lines": [], "excluded_lines": [], "functions": {"": {"executed_lines": [1, 2], "summary": {"covered_lines": 2, "num_statements": 2, "percent_covered": 100.0, "percent_covered_display": "100", "missing_lines": 0, "excluded_lines": 0}, "missing_lines": [], "excluded_lines": []}}, "classes": {"": {"executed_lines": [1, 2], "summary": {"covered_lines": 2, "num_statements": 2, "percent_covered": 100.0, "percent_covered_display": "100", "missing_lines": 0, "excluded_lines": 0}, "missing_lines": [], "excluded_lines": []}}}, "vivarium/runtime/control_panel/blueprints/artifacts/routes.py": {"executed_lines": [1, 2, 4, 5, 6, 8, 10, 13, 17, 18, 62, 63], "summary": {"covered_lines": 11, "num_statements": 77, "percent_covered": 14.285714285714286, "percent_covered_display": "14", "missing_lines": 66, "excluded_lines": 0}, "missing_lines": [14, 20, 21, 22, 23, 24, 25, 26, 28, 29, 30, 31, 32, 33, 34, 35, 36, 37, 38, 39, 44, 45, 46, 47, 48, 49, 58, 59, 65, 66, 67, 69, 70, 71, 72, 73, 74, 75, 76, 77, 82, 83, 84, 85, 86, 87, 88, 89, 90, 91, 92, 93, 94, 95, 96, 97, 98, 99, 100, 101, 102, 103, 105, 110, 111, 112], "excluded_lines": [], "functions": {"_get_workspace": {"executed_lines": [], "summary": {"covered_lines": 0, "num_statements": 1, "percent_covered": 0.0, "percent_covered_display": "0", "missing_lines": 1, "excluded_lines": 0}, "missing_lines": [14], "excluded_lines": []}, "api_view_artifact": {"executed_lines": [], "summary": {"covered_lines": 0, "num_statements": 27, "percent_covered": 0.0, "percent_covered_display": "0", "missing_lines": 27, "excluded_lines": 0}, "missing_lines": [20, 21, 22, 23, 24, 25, 26, 28, 29, 30, 31, 32, 33, 34, 35, 36, 37, 38, 39, 44, 45, 46, 47, 48, 49, 58, 59], "excluded_lines": []}, "api_list_artifacts": {"executed_lines": [], "summary": {"covered_lines": 0, "num_statements": 30, "percent_covered": 0.0, "percent_covered_display": "0", "missing_lines": 30, "excluded_lines": 0}, "missing_lines": [65, 66, 67, 69, 82, 83, 84, 85, 86, 87, 88, 89, 90, 91, 92, 93, 94, 95, 96, 97, 98, 99, 100, 101, 102, 103, 105, 110, 111, 112], "excluded_lines": []}, "api_list_artifacts.add_artifact": {"executed_lines": [], "summary": {"covered_lines": 0, "num_statements": 8, "percent_covered": 0.0, "percent_covered_display": "0", "missing_lines": 8, "excluded_lines": 0}, "missing_lines": [70, 71, 72, 73, 74, 75, 76, 77], "excluded_lines": []}, "": {"executed_lines": [1, 2, 4, 5, 6, 8, 10, 13, 17, 18, 62, 63], "summary": {"covered_lines": 11, "num_statements": 11, "percent_covered": 100.0, "percent_covered_display": "100", "missing_lines": 0, "excluded_lines": 0}, "missing_lines": [], "excluded_lines": []}}, "classes": {"": {"executed_lines": [1, 2, 4, 5, 6, 8, 10, 13, 17, 18, 62, 63], "summary": {"covered_lines": 11, "num_statements": 77, "percent_covered": 14.285714285714286, "percent_covered_display": "14", "missing_lines": 66, "excluded_lines": 0}, "missing_lines": [14, 20, 21, 22, 23, 24, 25, 26, 28, 29, 30, 31, 32, 33, 34, 35, 36, 37, 38, 39, 44, 45, 46, 47, 48, 49, 58, 59, 65, 66, 67, 69, 70, 71, 72, 73, 74, 75, 76, 77, 82, 83, 84, 85, 86, 87, 88, 89, 90, 91, 92, 93, 94, 95, 96, 97, 98, 99, 100, 101, 102, 103, 105, 110, 111, 112], "excluded_lines": []}}}, "vivarium/runtime/control_panel/blueprints/bounties/__init__.py": {"executed_lines": [1, 3], "summary": {"covered_lines": 2, "num_statements": 2, "percent_covered": 100.0, "percent_covered_display": "100", "missing_lines": 0, "excluded_lines": 0}, "missing_lines": [], "excluded_lines": [], "functions": {"": {"executed_lines": [1, 3], "summary": {"covered_lines": 2, "num_statements": 2, "percent_covered": 100.0, "percent_covered_display": "100", "missing_lines": 0, "excluded_lines": 0}, "missing_lines": [], "excluded_lines": []}}, "classes": {"": {"executed_lines": [1, 3], "summary": {"covered_lines": 2, "num_statements": 2, "percent_covered": 100.0, "percent_covered_display": "100", "missing_lines": 0, "excluded_lines": 0}, "missing_lines": [], "excluded_lines": []}}}, "vivarium/runtime/control_panel/blueprints/bounties/routes.py": {"executed_lines": [1, 2, 4, 5, 6, 7, 8, 9, 11, 13, 14, 23, 26, 27, 30, 38, 79, 88, 136, 140, 171, 172, 173, 179, 182, 184, 187, 194, 195, 197, 198, 199, 202, 203, 252, 253, 270, 271, 388, 389, 422, 423, 441, 442], "summary": {"covered_lines": 43, "num_statements": 322, "percent_covered": 13.354037267080745, "percent_covered_display": "13", "missing_lines": 279, "excluded_lines": 0}, "missing_lines": [31, 32, 33, 34, 35, 39, 40, 41, 42, 43, 44, 45, 46, 47, 48, 49, 50, 51, 52, 53, 54, 55, 56, 57, 58, 59, 60, 61, 62, 63, 64, 65, 68, 69, 72, 75, 76, 80, 81, 82, 83, 84, 85, 89, 90, 91, 92, 94, 95, 97, 98, 100, 101, 102, 103, 105, 106, 107, 108, 111, 113, 114, 116, 120, 122, 123, 125, 127, 137, 146, 153, 160, 168, 174, 175, 176, 177, 178, 188, 189, 190, 191, 205, 206, 207, 208, 209, 210, 211, 212, 213, 214, 215, 216, 217, 219, 220, 222, 223, 246, 247, 249, 255, 256, 258, 259, 261, 262, 264, 265, 267, 273, 274, 275, 277, 278, 280, 281, 283, 284, 286, 287, 288, 289, 290, 291, 292, 293, 294, 295, 296, 297, 298, 299, 300, 301, 302, 303, 304, 305, 307, 310, 311, 312, 313, 319, 320, 330, 332, 353, 354, 355, 357, 358, 359, 365, 366, 367, 368, 369, 376, 377, 383, 385, 391, 392, 393, 395, 396, 398, 399, 407, 408, 409, 410, 411, 412, 413, 414, 415, 416, 418, 419, 425, 426, 428, 429, 431, 444, 445, 446, 448, 449, 451, 452, 453, 454, 455, 456, 457, 459, 460, 461, 462, 463, 464, 467, 468, 469, 470, 471, 472, 473, 474, 475, 476, 478, 479, 481, 482, 483, 484, 485, 487, 488, 490, 491, 493, 494, 495, 496, 498, 500, 501, 502, 503, 506, 507, 508, 509, 510, 511, 512, 513, 521, 522, 527, 528, 529, 535, 536, 541, 542, 543, 544, 545, 546, 547, 548, 549, 550, 551, 552, 556, 557, 558, 559, 560, 563, 564, 573, 574, 576, 577, 578, 579, 581, 583, 584], "excluded_lines": [], "functions": {"_get_bounties_file": {"executed_lines": [27], "summary": {"covered_lines": 1, "num_statements": 1, "percent_covered": 100.0, "percent_covered_display": "100", "missing_lines": 0, "excluded_lines": 0}, "missing_lines": [], "excluded_lines": []}, "_get_slots_for_bounty": {"executed_lines": [], "summary": {"covered_lines": 0, "num_statements": 5, "percent_covered": 0.0, "percent_covered_display": "0", "missing_lines": 5, "excluded_lines": 0}, "missing_lines": [31, 32, 33, 34, 35], "excluded_lines": []}, "_normalize_slot_policy": {"executed_lines": [], "summary": {"covered_lines": 0, "num_statements": 32, "percent_covered": 0.0, "percent_covered_display": "0", "missing_lines": 32, "excluded_lines": 0}, "missing_lines": [39, 40, 41, 42, 43, 44, 45, 46, 47, 48, 49, 50, 51, 52, 53, 54, 55, 56, 57, 58, 59, 60, 61, 62, 63, 64, 65, 68, 69, 72, 75, 76], "excluded_lines": []}, "_compute_slot_multiplier": {"executed_lines": [], "summary": {"covered_lines": 0, "num_statements": 6, "percent_covered": 0.0, "percent_covered_display": "0", "missing_lines": 6, "excluded_lines": 0}, "missing_lines": [80, 81, 82, 83, 84, 85], "excluded_lines": []}, "_evaluate_submission": {"executed_lines": [], "summary": {"covered_lines": 0, "num_statements": 25, "percent_covered": 0.0, "percent_covered_display": "0", "missing_lines": 25, "excluded_lines": 0}, "missing_lines": [89, 90, 91, 92, 94, 95, 97, 98, 100, 101, 102, 103, 105, 106, 107, 108, 111, 113, 114, 116, 120, 122, 123, 125, 127], "excluded_lines": []}, "_normalize_submission_text": {"executed_lines": [], "summary": {"covered_lines": 0, "num_statements": 1, "percent_covered": 0.0, "percent_covered_display": "0", "missing_lines": 1, "excluded_lines": 0}, "missing_lines": [137], "excluded_lines": []}, "_submission_fingerprint": {"executed_lines": [], "summary": {"covered_lines": 0, "num_statements": 4, "percent_covered": 0.0, "percent_covered_display": "0", "missing_lines": 4, "excluded_lines": 0}, "missing_lines": [146, 153, 160, 168], "excluded_lines": []}, "_load_bounties": {"executed_lines": [172, 173, 179], "summary": {"covered_lines": 3, "num_statements": 8, "percent_covered": 37.5, "percent_covered_display": "38", "missing_lines": 5, "excluded_lines": 0}, "missing_lines": [174, 175, 176, 177, 178], "excluded_lines": []}, "load_bounties": {"executed_lines": [184], "summary": {"covered_lines": 1, "num_statements": 1, "percent_covered": 100.0, "percent_covered_display": "100", "missing_lines": 0, "excluded_lines": 0}, "missing_lines": [], "excluded_lines": []}, "_save_bounties": {"executed_lines": [], "summary": {"covered_lines": 0, "num_statements": 4, "percent_covered": 0.0, "percent_covered_display": "0", "missing_lines": 4, "excluded_lines": 0}, "missing_lines": [188, 189, 190, 191], "excluded_lines": []}, "get_bounties": {"executed_lines": [197, 198, 199], "summary": {"covered_lines": 3, "num_statements": 3, "percent_covered": 100.0, "percent_covered_display": "100", "missing_lines": 0, "excluded_lines": 0}, "missing_lines": [], "excluded_lines": []}, "create_bounty": {"executed_lines": [], "summary": {"covered_lines": 0, "num_statements": 20, "percent_covered": 0.0, "percent_covered_display": "0", "missing_lines": 20, "excluded_lines": 0}, "missing_lines": [205, 206, 207, 208, 209, 210, 211, 212, 213, 214, 215, 216, 217, 219, 220, 222, 223, 246, 247, 249], "excluded_lines": []}, "delete_bounty": {"executed_lines": [], "summary": {"covered_lines": 0, "num_statements": 9, "percent_covered": 0.0, "percent_covered_display": "0", "missing_lines": 9, "excluded_lines": 0}, "missing_lines": [255, 256, 258, 259, 261, 262, 264, 265, 267], "excluded_lines": []}, "submit_to_bounty": {"executed_lines": [], "summary": {"covered_lines": 0, "num_statements": 53, "percent_covered": 0.0, "percent_covered_display": "0", "missing_lines": 53, "excluded_lines": 0}, "missing_lines": [273, 274, 275, 277, 278, 280, 281, 283, 284, 286, 287, 288, 289, 290, 291, 292, 293, 294, 295, 296, 297, 298, 299, 300, 301, 302, 303, 304, 305, 307, 310, 311, 312, 313, 319, 320, 330, 332, 353, 354, 355, 357, 358, 359, 365, 366, 367, 368, 369, 376, 377, 383, 385], "excluded_lines": []}, "track_bounty_cost": {"executed_lines": [], "summary": {"covered_lines": 0, "num_statements": 19, "percent_covered": 0.0, "percent_covered_display": "0", "missing_lines": 19, "excluded_lines": 0}, "missing_lines": [391, 392, 393, 395, 396, 398, 399, 407, 408, 409, 410, 411, 412, 413, 414, 415, 416, 418, 419], "excluded_lines": []}, "get_bounty_submissions": {"executed_lines": [], "summary": {"covered_lines": 0, "num_statements": 5, "percent_covered": 0.0, "percent_covered_display": "0", "missing_lines": 5, "excluded_lines": 0}, "missing_lines": [425, 426, 428, 429, 431], "excluded_lines": []}, "complete_bounty": {"executed_lines": [], "summary": {"covered_lines": 0, "num_statements": 91, "percent_covered": 0.0, "percent_covered_display": "0", "missing_lines": 91, "excluded_lines": 0}, "missing_lines": [444, 445, 446, 448, 449, 451, 452, 453, 454, 455, 456, 457, 459, 460, 461, 462, 463, 464, 467, 468, 469, 470, 471, 472, 473, 474, 475, 476, 478, 479, 481, 482, 483, 484, 485, 487, 488, 490, 491, 493, 494, 495, 496, 498, 500, 501, 502, 503, 506, 507, 508, 509, 510, 511, 512, 513, 521, 522, 527, 528, 529, 535, 536, 541, 542, 543, 544, 545, 546, 547, 548, 549, 550, 551, 552, 556, 557, 558, 559, 560, 563, 564, 573, 574, 576, 577, 578, 579, 581, 583, 584], "excluded_lines": []}, "": {"executed_lines": [1, 2, 4, 5, 6, 7, 8, 9, 11, 13, 14, 23, 26, 30, 38, 79, 88, 136, 140, 171, 182, 187, 194, 195, 202, 203, 252, 253, 270, 271, 388, 389, 422, 423, 441, 442], "summary": {"covered_lines": 35, "num_statements": 35, "percent_covered": 100.0, "percent_covered_display": "100", "missing_lines": 0, "excluded_lines": 0}, "missing_lines": [], "excluded_lines": []}}, "classes": {"": {"executed_lines": [1, 2, 4, 5, 6, 7, 8, 9, 11, 13, 14, 23, 26, 27, 30, 38, 79, 88, 136, 140, 171, 172, 173, 179, 182, 184, 187, 194, 195, 197, 198, 199, 202, 203, 252, 253, 270, 271, 388, 389, 422, 423, 441, 442], "summary": {"covered_lines": 43, "num_statements": 322, "percent_covered": 13.354037267080745, "percent_covered_display": "13", "missing_lines": 279, "excluded_lines": 0}, "missing_lines": [31, 32, 33, 34, 35, 39, 40, 41, 42, 43, 44, 45, 46, 47, 48, 49, 50, 51, 52, 53, 54, 55, 56, 57, 58, 59, 60, 61, 62, 63, 64, 65, 68, 69, 72, 75, 76, 80, 81, 82, 83, 84, 85, 89, 90, 91, 92, 94, 95, 97, 98, 100, 101, 102, 103, 105, 106, 107, 108, 111, 113, 114, 116, 120, 122, 123, 125, 127, 137, 146, 153, 160, 168, 174, 175, 176, 177, 178, 188, 189, 190, 191, 205, 206, 207, 208, 209, 210, 211, 212, 213, 214, 215, 216, 217, 219, 220, 222, 223, 246, 247, 249, 255, 256, 258, 259, 261, 262, 264, 265, 267, 273, 274, 275, 277, 278, 280, 281, 283, 284, 286, 287, 288, 289, 290, 291, 292, 293, 294, 295, 296, 297, 298, 299, 300, 301, 302, 303, 304, 305, 307, 310, 311, 312, 313, 319, 320, 330, 332, 353, 354, 355, 357, 358, 359, 365, 366, 367, 368, 369, 376, 377, 383, 385, 391, 392, 393, 395, 396, 398, 399, 407, 408, 409, 410, 411, 412, 413, 414, 415, 416, 418, 419, 425, 426, 428, 429, 431, 444, 445, 446, 448, 449, 451, 452, 453, 454, 455, 456, 457, 459, 460, 461, 462, 463, 464, 467, 468, 469, 470, 471, 472, 473, 474, 475, 476, 478, 479, 481, 482, 483, 484, 485, 487, 488, 490, 491, 493, 494, 495, 496, 498, 500, 501, 502, 503, 506, 507, 508, 509, 510, 511, 512, 513, 521, 522, 527, 528, 529, 535, 536, 541, 542, 543, 544, 545, 546, 547, 548, 549, 550, 551, 552, 556, 557, 558, 559, 560, 563, 564, 573, 574, 576, 577, 578, 579, 581, 583, 584], "excluded_lines": []}}}, "vivarium/runtime/control_panel/blueprints/chatrooms/__init__.py": {"executed_lines": [1, 2], "summary": {"covered_lines": 2, "num_statements": 2, "percent_covered": 100.0, "percent_covered_display": "100", "missing_lines": 0, "excluded_lines": 0}, "missing_lines": [], "excluded_lines": [], "functions": {"": {"executed_lines": [1, 2], "summary": {"covered_lines": 2, "num_statements": 2, "percent_covered": 100.0, "percent_covered_display": "100", "missing_lines": 0, "excluded_lines": 0}, "missing_lines": [], "excluded_lines": []}}, "classes": {"": {"executed_lines": [1, 2], "summary": {"covered_lines": 2, "num_statements": 2, "percent_covered": 100.0, "percent_covered_display": "100", "missing_lines": 0, "excluded_lines": 0}, "missing_lines": [], "excluded_lines": []}}}, "vivarium/runtime/control_panel/blueprints/chatrooms/routes.py": {"executed_lines": [1, 2, 4, 6, 8, 10, 21, 25, 26, 67, 68], "summary": {"covered_lines": 10, "num_statements": 57, "percent_covered": 17.54385964912281, "percent_covered_display": "18", "missing_lines": 47, "excluded_lines": 0}, "missing_lines": [22, 28, 29, 30, 31, 32, 33, 34, 35, 36, 37, 38, 39, 40, 41, 42, 43, 44, 45, 46, 47, 48, 49, 50, 51, 52, 53, 54, 63, 64, 70, 71, 72, 73, 74, 75, 76, 77, 78, 79, 80, 81, 82, 83, 84, 85, 86], "excluded_lines": [], "functions": {"_get_discussions_dir": {"executed_lines": [], "summary": {"covered_lines": 0, "num_statements": 1, "percent_covered": 0.0, "percent_covered_display": "0", "missing_lines": 1, "excluded_lines": 0}, "missing_lines": [22], "excluded_lines": []}, "api_get_chatrooms": {"executed_lines": [], "summary": {"covered_lines": 0, "num_statements": 29, "percent_covered": 0.0, "percent_covered_display": "0", "missing_lines": 29, "excluded_lines": 0}, "missing_lines": [28, 29, 30, 31, 32, 33, 34, 35, 36, 37, 38, 39, 40, 41, 42, 43, 44, 45, 46, 47, 48, 49, 50, 51, 52, 53, 54, 63, 64], "excluded_lines": []}, "api_get_chatroom_messages": {"executed_lines": [], "summary": {"covered_lines": 0, "num_statements": 17, "percent_covered": 0.0, "percent_covered_display": "0", "missing_lines": 17, "excluded_lines": 0}, "missing_lines": [70, 71, 72, 73, 74, 75, 76, 77, 78, 79, 80, 81, 82, 83, 84, 85, 86], "excluded_lines": []}, "": {"executed_lines": [1, 2, 4, 6, 8, 10, 21, 25, 26, 67, 68], "summary": {"covered_lines": 10, "num_statements": 10, "percent_covered": 100.0, "percent_covered_display": "100", "missing_lines": 0, "excluded_lines": 0}, "missing_lines": [], "excluded_lines": []}}, "classes": {"": {"executed_lines": [1, 2, 4, 6, 8, 10, 21, 25, 26, 67, 68], "summary": {"covered_lines": 10, "num_statements": 57, "percent_covered": 17.54385964912281, "percent_covered_display": "18", "missing_lines": 47, "excluded_lines": 0}, "missing_lines": [22, 28, 29, 30, 31, 32, 33, 34, 35, 36, 37, 38, 39, 40, 41, 42, 43, 44, 45, 46, 47, 48, 49, 50, 51, 52, 53, 54, 63, 64, 70, 71, 72, 73, 74, 75, 76, 77, 78, 79, 80, 81, 82, 83, 84, 85, 86], "excluded_lines": []}}}, "vivarium/runtime/control_panel/blueprints/completed_requests/__init__.py": {"executed_lines": [1, 2], "summary": {"covered_lines": 2, "num_statements": 2, "percent_covered": 100.0, "percent_covered_display": "100", "missing_lines": 0, "excluded_lines": 0}, "missing_lines": [], "excluded_lines": [], "functions": {"": {"executed_lines": [1, 2], "summary": {"covered_lines": 2, "num_statements": 2, "percent_covered": 100.0, "percent_covered_display": "100", "missing_lines": 0, "excluded_lines": 0}, "missing_lines": [], "excluded_lines": []}}, "classes": {"": {"executed_lines": [1, 2], "summary": {"covered_lines": 2, "num_statements": 2, "percent_covered": 100.0, "percent_covered_display": "100", "missing_lines": 0, "excluded_lines": 0}, "missing_lines": [], "excluded_lines": []}}}, "vivarium/runtime/control_panel/blueprints/completed_requests/routes.py": {"executed_lines": [1, 2, 4, 6, 9, 14, 15, 21, 22], "summary": {"covered_lines": 8, "num_statements": 19, "percent_covered": 42.10526315789474, "percent_covered_display": "42", "missing_lines": 11, "excluded_lines": 0}, "missing_lines": [10, 11, 17, 18, 24, 25, 26, 27, 28, 29, 30], "excluded_lines": [], "functions": {"_app_helpers": {"executed_lines": [], "summary": {"covered_lines": 0, "num_statements": 2, "percent_covered": 0.0, "percent_covered_display": "0", "missing_lines": 2, "excluded_lines": 0}, "missing_lines": [10, 11], "excluded_lines": []}, "api_get_completed_requests": {"executed_lines": [], "summary": {"covered_lines": 0, "num_statements": 2, "percent_covered": 0.0, "percent_covered_display": "0", "missing_lines": 2, "excluded_lines": 0}, "missing_lines": [17, 18], "excluded_lines": []}, "api_add_completed_request": {"executed_lines": [], "summary": {"covered_lines": 0, "num_statements": 7, "percent_covered": 0.0, "percent_covered_display": "0", "missing_lines": 7, "excluded_lines": 0}, "missing_lines": [24, 25, 26, 27, 28, 29, 30], "excluded_lines": []}, "": {"executed_lines": [1, 2, 4, 6, 9, 14, 15, 21, 22], "summary": {"covered_lines": 8, "num_statements": 8, "percent_covered": 100.0, "percent_covered_display": "100", "missing_lines": 0, "excluded_lines": 0}, "missing_lines": [], "excluded_lines": []}}, "classes": {"": {"executed_lines": [1, 2, 4, 6, 9, 14, 15, 21, 22], "summary": {"covered_lines": 8, "num_statements": 19, "percent_covered": 42.10526315789474, "percent_covered_display": "42", "missing_lines": 11, "excluded_lines": 0}, "missing_lines": [10, 11, 17, 18, 24, 25, 26, 27, 28, 29, 30], "excluded_lines": []}}}, "vivarium/runtime/control_panel/blueprints/dm/__init__.py": {"executed_lines": [1, 2], "summary": {"covered_lines": 2, "num_statements": 2, "percent_covered": 100.0, "percent_covered_display": "100", "missing_lines": 0, "excluded_lines": 0}, "missing_lines": [], "excluded_lines": [], "functions": {"": {"executed_lines": [1, 2], "summary": {"covered_lines": 2, "num_statements": 2, "percent_covered": 100.0, "percent_covered_display": "100", "missing_lines": 0, "excluded_lines": 0}, "missing_lines": [], "excluded_lines": []}}, "classes": {"": {"executed_lines": [1, 2], "summary": {"covered_lines": 2, "num_statements": 2, "percent_covered": 100.0, "percent_covered_display": "100", "missing_lines": 0, "excluded_lines": 0}, "missing_lines": [], "excluded_lines": []}}}, "vivarium/runtime/control_panel/blueprints/dm/routes.py": {"executed_lines": [1, 2, 4, 6, 9, 20, 25, 26, 44, 45, 64, 65], "summary": {"covered_lines": 11, "num_statements": 59, "percent_covered": 18.64406779661017, "percent_covered_display": "19", "missing_lines": 48, "excluded_lines": 0}, "missing_lines": [10, 11, 21, 22, 28, 29, 30, 31, 32, 33, 34, 35, 36, 37, 38, 39, 40, 41, 47, 48, 49, 50, 51, 52, 53, 54, 59, 60, 61, 67, 68, 69, 70, 71, 72, 73, 74, 75, 76, 77, 78, 79, 80, 87, 88, 89, 90, 91], "excluded_lines": [], "functions": {"_app_helpers": {"executed_lines": [], "summary": {"covered_lines": 0, "num_statements": 2, "percent_covered": 0.0, "percent_covered_display": "0", "missing_lines": 2, "excluded_lines": 0}, "missing_lines": [10, 11], "excluded_lines": []}, "_identity_name_map": {"executed_lines": [], "summary": {"covered_lines": 0, "num_statements": 2, "percent_covered": 0.0, "percent_covered_display": "0", "missing_lines": 2, "excluded_lines": 0}, "missing_lines": [21, 22], "excluded_lines": []}, "api_dm_threads": {"executed_lines": [], "summary": {"covered_lines": 0, "num_statements": 14, "percent_covered": 0.0, "percent_covered_display": "0", "missing_lines": 14, "excluded_lines": 0}, "missing_lines": [28, 29, 30, 31, 32, 33, 34, 35, 36, 37, 38, 39, 40, 41], "excluded_lines": []}, "api_dm_messages": {"executed_lines": [], "summary": {"covered_lines": 0, "num_statements": 11, "percent_covered": 0.0, "percent_covered_display": "0", "missing_lines": 11, "excluded_lines": 0}, "missing_lines": [47, 48, 49, 50, 51, 52, 53, 54, 59, 60, 61], "excluded_lines": []}, "api_dm_send": {"executed_lines": [], "summary": {"covered_lines": 0, "num_statements": 19, "percent_covered": 0.0, "percent_covered_display": "0", "missing_lines": 19, "excluded_lines": 0}, "missing_lines": [67, 68, 69, 70, 71, 72, 73, 74, 75, 76, 77, 78, 79, 80, 87, 88, 89, 90, 91], "excluded_lines": []}, "": {"executed_lines": [1, 2, 4, 6, 9, 20, 25, 26, 44, 45, 64, 65], "summary": {"covered_lines": 11, "num_statements": 11, "percent_covered": 100.0, "percent_covered_display": "100", "missing_lines": 0, "excluded_lines": 0}, "missing_lines": [], "excluded_lines": []}}, "classes": {"": {"executed_lines": [1, 2, 4, 6, 9, 20, 25, 26, 44, 45, 64, 65], "summary": {"covered_lines": 11, "num_statements": 59, "percent_covered": 18.64406779661017, "percent_covered_display": "19", "missing_lines": 48, "excluded_lines": 0}, "missing_lines": [10, 11, 21, 22, 28, 29, 30, 31, 32, 33, 34, 35, 36, 37, 38, 39, 40, 41, 47, 48, 49, 50, 51, 52, 53, 54, 59, 60, 61, 67, 68, 69, 70, 71, 72, 73, 74, 75, 76, 77, 78, 79, 80, 87, 88, 89, 90, 91], "excluded_lines": []}}}, "vivarium/runtime/control_panel/blueprints/groq_key/__init__.py": {"executed_lines": [1, 2, 4], "summary": {"covered_lines": 2, "num_statements": 2, "percent_covered": 100.0, "percent_covered_display": "100", "missing_lines": 0, "excluded_lines": 0}, "missing_lines": [], "excluded_lines": [], "functions": {"": {"executed_lines": [1, 2, 4], "summary": {"covered_lines": 2, "num_statements": 2, "percent_covered": 100.0, "percent_covered_display": "100", "missing_lines": 0, "excluded_lines": 0}, "missing_lines": [], "excluded_lines": []}}, "classes": {"": {"executed_lines": [1, 2, 4], "summary": {"covered_lines": 2, "num_statements": 2, "percent_covered": 100.0, "percent_covered_display": "100", "missing_lines": 0, "excluded_lines": 0}, "missing_lines": [], "excluded_lines": []}}}, "vivarium/runtime/control_panel/blueprints/groq_key/routes.py": {"executed_lines": [1, 2, 4, 5, 7, 9, 11, 14, 18, 19, 20, 22, 25, 35, 44, 54, 63, 64, 65, 66, 77, 78, 80, 81, 91, 92, 116, 117], "summary": {"covered_lines": 27, "num_statements": 76, "percent_covered": 35.526315789473685, "percent_covered_display": "36", "missing_lines": 49, "excluded_lines": 0}, "missing_lines": [15, 21, 26, 27, 28, 29, 30, 31, 32, 36, 37, 38, 39, 40, 41, 45, 46, 47, 48, 49, 50, 51, 56, 57, 58, 59, 60, 68, 69, 70, 71, 72, 74, 94, 95, 96, 97, 98, 99, 100, 101, 103, 104, 105, 106, 119, 120, 121, 122], "excluded_lines": [], "functions": {"_get_key_file": {"executed_lines": [], "summary": {"covered_lines": 0, "num_statements": 1, "percent_covered": 0.0, "percent_covered_display": "0", "missing_lines": 1, "excluded_lines": 0}, "missing_lines": [15], "excluded_lines": []}, "_mask_secret": {"executed_lines": [19, 20, 22], "summary": {"covered_lines": 3, "num_statements": 4, "percent_covered": 75.0, "percent_covered_display": "75", "missing_lines": 1, "excluded_lines": 0}, "missing_lines": [21], "excluded_lines": []}, "_persist_key": {"executed_lines": [], "summary": {"covered_lines": 0, "num_statements": 7, "percent_covered": 0.0, "percent_covered_display": "0", "missing_lines": 7, "excluded_lines": 0}, "missing_lines": [26, 27, 28, 29, 30, 31, 32], "excluded_lines": []}, "_delete_persisted_key": {"executed_lines": [], "summary": {"covered_lines": 0, "num_statements": 6, "percent_covered": 0.0, "percent_covered_display": "0", "missing_lines": 6, "excluded_lines": 0}, "missing_lines": [36, 37, 38, 39, 40, 41], "excluded_lines": []}, "_load_persisted_key": {"executed_lines": [], "summary": {"covered_lines": 0, "num_statements": 7, "percent_covered": 0.0, "percent_covered_display": "0", "missing_lines": 7, "excluded_lines": 0}, "missing_lines": [45, 46, 47, 48, 49, 50, 51], "excluded_lines": []}, "_reload_groq_runtime_clients": {"executed_lines": [], "summary": {"covered_lines": 0, "num_statements": 5, "percent_covered": 0.0, "percent_covered_display": "0", "missing_lines": 5, "excluded_lines": 0}, "missing_lines": [56, 57, 58, 59, 60], "excluded_lines": []}, "_ensure_groq_key_loaded": {"executed_lines": [64, 65, 66], "summary": {"covered_lines": 3, "num_statements": 9, "percent_covered": 33.333333333333336, "percent_covered_display": "33", "missing_lines": 6, "excluded_lines": 0}, "missing_lines": [68, 69, 70, 71, 72, 74], "excluded_lines": []}, "get_groq_key": {"executed_lines": [80, 81], "summary": {"covered_lines": 2, "num_statements": 2, "percent_covered": 100.0, "percent_covered_display": "100", "missing_lines": 0, "excluded_lines": 0}, "missing_lines": [], "excluded_lines": []}, "set_groq_key": {"executed_lines": [], "summary": {"covered_lines": 0, "num_statements": 12, "percent_covered": 0.0, "percent_covered_display": "0", "missing_lines": 12, "excluded_lines": 0}, "missing_lines": [94, 95, 96, 97, 98, 99, 100, 101, 103, 104, 105, 106], "excluded_lines": []}, "delete_groq_key": {"executed_lines": [], "summary": {"covered_lines": 0, "num_statements": 4, "percent_covered": 0.0, "percent_covered_display": "0", "missing_lines": 4, "excluded_lines": 0}, "missing_lines": [119, 120, 121, 122], "excluded_lines": []}, "": {"executed_lines": [1, 2, 4, 5, 7, 9, 11, 14, 18, 25, 35, 44, 54, 63, 77, 78, 91, 92, 116, 117], "summary": {"covered_lines": 19, "num_statements": 19, "percent_covered": 100.0, "percent_covered_display": "100", "missing_lines": 0, "excluded_lines": 0}, "missing_lines": [], "excluded_lines": []}}, "classes": {"": {"executed_lines": [1, 2, 4, 5, 7, 9, 11, 14, 18, 19, 20, 22, 25, 35, 44, 54, 63, 64, 65, 66, 77, 78, 80, 81, 91, 92, 116, 117], "summary": {"covered_lines": 27, "num_statements": 76, "percent_covered": 35.526315789473685, "percent_covered_display": "36", "missing_lines": 49, "excluded_lines": 0}, "missing_lines": [15, 21, 26, 27, 28, 29, 30, 31, 32, 36, 37, 38, 39, 40, 41, 45, 46, 47, 48, 49, 50, 51, 56, 57, 58, 59, 60, 68, 69, 70, 71, 72, 74, 94, 95, 96, 97, 98, 99, 100, 101, 103, 104, 105, 106, 119, 120, 121, 122], "excluded_lines": []}}}, "vivarium/runtime/control_panel/blueprints/human_request/__init__.py": {"executed_lines": [1, 2], "summary": {"covered_lines": 2, "num_statements": 2, "percent_covered": 100.0, "percent_covered_display": "100", "missing_lines": 0, "excluded_lines": 0}, "missing_lines": [], "excluded_lines": [], "functions": {"": {"executed_lines": [1, 2], "summary": {"covered_lines": 2, "num_statements": 2, "percent_covered": 100.0, "percent_covered_display": "100", "missing_lines": 0, "excluded_lines": 0}, "missing_lines": [], "excluded_lines": []}}, "classes": {"": {"executed_lines": [1, 2], "summary": {"covered_lines": 2, "num_statements": 2, "percent_covered": 100.0, "percent_covered_display": "100", "missing_lines": 0, "excluded_lines": 0}, "missing_lines": [], "excluded_lines": []}}}, "vivarium/runtime/control_panel/blueprints/human_request/routes.py": {"executed_lines": [1, 2, 4, 6, 9, 14, 15, 20, 21], "summary": {"covered_lines": 8, "num_statements": 21, "percent_covered": 38.095238095238095, "percent_covered_display": "38", "missing_lines": 13, "excluded_lines": 0}, "missing_lines": [10, 11, 16, 17, 22, 23, 24, 25, 26, 27, 28, 29, 30], "excluded_lines": [], "functions": {"_app_helpers": {"executed_lines": [], "summary": {"covered_lines": 0, "num_statements": 2, "percent_covered": 0.0, "percent_covered_display": "0", "missing_lines": 2, "excluded_lines": 0}, "missing_lines": [10, 11], "excluded_lines": []}, "api_get_human_request": {"executed_lines": [], "summary": {"covered_lines": 0, "num_statements": 2, "percent_covered": 0.0, "percent_covered_display": "0", "missing_lines": 2, "excluded_lines": 0}, "missing_lines": [16, 17], "excluded_lines": []}, "api_save_human_request": {"executed_lines": [], "summary": {"covered_lines": 0, "num_statements": 9, "percent_covered": 0.0, "percent_covered_display": "0", "missing_lines": 9, "excluded_lines": 0}, "missing_lines": [22, 23, 24, 25, 26, 27, 28, 29, 30], "excluded_lines": []}, "": {"executed_lines": [1, 2, 4, 6, 9, 14, 15, 20, 21], "summary": {"covered_lines": 8, "num_statements": 8, "percent_covered": 100.0, "percent_covered_display": "100", "missing_lines": 0, "excluded_lines": 0}, "missing_lines": [], "excluded_lines": []}}, "classes": {"": {"executed_lines": [1, 2, 4, 6, 9, 14, 15, 20, 21], "summary": {"covered_lines": 8, "num_statements": 21, "percent_covered": 38.095238095238095, "percent_covered_display": "38", "missing_lines": 13, "excluded_lines": 0}, "missing_lines": [10, 11, 16, 17, 22, 23, 24, 25, 26, 27, 28, 29, 30], "excluded_lines": []}}}, "vivarium/runtime/control_panel/blueprints/identities/__init__.py": {"executed_lines": [1, 2], "summary": {"covered_lines": 2, "num_statements": 2, "percent_covered": 100.0, "percent_covered_display": "100", "missing_lines": 0, "excluded_lines": 0}, "missing_lines": [], "excluded_lines": [], "functions": {"": {"executed_lines": [1, 2], "summary": {"covered_lines": 2, "num_statements": 2, "percent_covered": 100.0, "percent_covered_display": "100", "missing_lines": 0, "excluded_lines": 0}, "missing_lines": [], "excluded_lines": []}}, "classes": {"": {"executed_lines": [1, 2], "summary": {"covered_lines": 2, "num_statements": 2, "percent_covered": 100.0, "percent_covered_display": "100", "missing_lines": 0, "excluded_lines": 0}, "missing_lines": [], "excluded_lines": []}}}, "vivarium/runtime/control_panel/blueprints/identities/routes.py": {"executed_lines": [1, 2, 4, 5, 6, 7, 8, 9, 11, 13, 14, 16, 19, 24, 34, 51, 59, 80, 101, 102, 104, 105, 106, 108, 109, 116, 117, 146, 149, 150, 155, 156, 158, 159, 160, 162, 163, 164, 165, 166, 167, 169, 170, 252, 253, 255, 256, 257, 258, 260, 262, 263, 401, 402], "summary": {"covered_lines": 53, "num_statements": 308, "percent_covered": 17.207792207792206, "percent_covered_display": "17", "missing_lines": 255, "excluded_lines": 0}, "missing_lines": [21, 26, 27, 28, 29, 30, 31, 35, 36, 37, 38, 39, 40, 41, 42, 43, 44, 45, 46, 47, 48, 52, 53, 54, 55, 56, 60, 61, 62, 63, 64, 65, 66, 67, 68, 69, 70, 71, 72, 73, 74, 75, 76, 77, 81, 82, 83, 84, 85, 86, 87, 88, 89, 90, 91, 92, 93, 94, 95, 96, 97, 98, 110, 111, 112, 113, 114, 118, 119, 120, 121, 122, 123, 124, 125, 126, 128, 143, 144, 152, 171, 172, 173, 174, 175, 176, 177, 178, 179, 180, 181, 183, 184, 185, 186, 188, 189, 190, 191, 193, 194, 195, 197, 199, 200, 201, 203, 205, 206, 207, 209, 211, 212, 224, 225, 226, 227, 228, 229, 231, 232, 233, 234, 235, 236, 237, 238, 240, 265, 266, 267, 269, 270, 271, 272, 274, 275, 276, 277, 278, 279, 280, 281, 286, 287, 289, 290, 291, 292, 293, 294, 295, 296, 297, 298, 304, 305, 306, 307, 308, 309, 311, 312, 313, 319, 320, 321, 322, 323, 324, 325, 326, 327, 328, 329, 330, 331, 332, 333, 334, 335, 336, 344, 345, 346, 348, 349, 350, 351, 352, 353, 354, 355, 356, 357, 358, 359, 360, 362, 397, 398, 404, 405, 407, 408, 409, 410, 411, 412, 414, 415, 416, 418, 419, 420, 422, 423, 424, 425, 426, 427, 428, 429, 431, 432, 433, 434, 435, 436, 437, 438, 439, 440, 441, 442, 443, 444, 454, 455, 456, 457, 458, 459, 460, 461, 462, 463, 464, 465, 466, 467, 477, 478, 479, 480], "excluded_lines": [], "functions": {"_calculate_identity_level": {"executed_lines": [], "summary": {"covered_lines": 0, "num_statements": 1, "percent_covered": 0.0, "percent_covered_display": "0", "missing_lines": 1, "excluded_lines": 0}, "missing_lines": [21], "excluded_lines": []}, "_calculate_respec_cost": {"executed_lines": [], "summary": {"covered_lines": 0, "num_statements": 6, "percent_covered": 0.0, "percent_covered_display": "0", "missing_lines": 6, "excluded_lines": 0}, "missing_lines": [26, 27, 28, 29, 30, 31], "excluded_lines": []}, "_parse_csv_items": {"executed_lines": [], "summary": {"covered_lines": 0, "num_statements": 14, "percent_covered": 0.0, "percent_covered_display": "0", "missing_lines": 14, "excluded_lines": 0}, "missing_lines": [35, 36, 37, 38, 39, 40, 41, 42, 43, 44, 45, 46, 47, 48], "excluded_lines": []}, "_fresh_hybrid_seed": {"executed_lines": [], "summary": {"covered_lines": 0, "num_statements": 5, "percent_covered": 0.0, "percent_covered_display": "0", "missing_lines": 5, "excluded_lines": 0}, "missing_lines": [52, 53, 54, 55, 56], "excluded_lines": []}, "_reserve_creativity_seed": {"executed_lines": [], "summary": {"covered_lines": 0, "num_statements": 18, "percent_covered": 0.0, "percent_covered_display": "0", "missing_lines": 18, "excluded_lines": 0}, "missing_lines": [60, 61, 62, 63, 64, 65, 66, 67, 68, 69, 70, 71, 72, 73, 74, 75, 76, 77], "excluded_lines": []}, "_read_jsonl_tail": {"executed_lines": [], "summary": {"covered_lines": 0, "num_statements": 18, "percent_covered": 0.0, "percent_covered_display": "0", "missing_lines": 18, "excluded_lines": 0}, "missing_lines": [81, 82, 83, 84, 85, 86, 87, 88, 89, 90, 91, 92, 93, 94, 95, 96, 97, 98], "excluded_lines": []}, "get_identities": {"executed_lines": [104, 105, 106, 108, 109, 116, 117, 146], "summary": {"covered_lines": 8, "num_statements": 25, "percent_covered": 32.0, "percent_covered_display": "32", "missing_lines": 17, "excluded_lines": 0}, "missing_lines": [110, 111, 112, 113, 114, 118, 119, 120, 121, 122, 123, 124, 125, 126, 128, 143, 144], "excluded_lines": []}, "get_creative_seed": {"executed_lines": [], "summary": {"covered_lines": 0, "num_statements": 1, "percent_covered": 0.0, "percent_covered_display": "0", "missing_lines": 1, "excluded_lines": 0}, "missing_lines": [152], "excluded_lines": []}, "create_identity": {"executed_lines": [158, 159, 160, 162, 163, 164, 165, 166, 167, 169, 170], "summary": {"covered_lines": 11, "num_statements": 59, "percent_covered": 18.64406779661017, "percent_covered_display": "19", "missing_lines": 48, "excluded_lines": 0}, "missing_lines": [171, 172, 173, 174, 175, 176, 177, 178, 179, 180, 181, 183, 184, 185, 186, 188, 189, 190, 191, 193, 194, 195, 197, 199, 200, 201, 203, 205, 206, 207, 209, 211, 212, 224, 225, 226, 227, 228, 229, 231, 232, 233, 234, 235, 236, 237, 238, 240], "excluded_lines": []}, "get_identity_profile": {"executed_lines": [255, 256, 257, 258, 260, 262, 263], "summary": {"covered_lines": 7, "num_statements": 80, "percent_covered": 8.75, "percent_covered_display": "9", "missing_lines": 73, "excluded_lines": 0}, "missing_lines": [265, 266, 267, 269, 270, 271, 272, 274, 275, 276, 277, 278, 279, 280, 281, 286, 287, 289, 290, 291, 292, 293, 294, 295, 296, 297, 298, 304, 305, 306, 307, 308, 309, 311, 312, 313, 319, 320, 321, 322, 323, 324, 325, 326, 327, 328, 329, 330, 331, 332, 333, 334, 335, 336, 344, 345, 346, 348, 349, 350, 351, 352, 353, 354, 355, 356, 357, 358, 359, 360, 362, 397, 398], "excluded_lines": []}, "get_identity_log": {"executed_lines": [], "summary": {"covered_lines": 0, "num_statements": 45, "percent_covered": 0.0, "percent_covered_display": "0", "missing_lines": 45, "excluded_lines": 0}, "missing_lines": [404, 405, 407, 408, 409, 410, 411, 412, 414, 415, 416, 418, 422, 431, 432, 433, 434, 435, 436, 437, 438, 439, 440, 441, 442, 443, 444, 454, 455, 456, 457, 458, 459, 460, 461, 462, 463, 464, 465, 466, 467, 477, 478, 479, 480], "excluded_lines": []}, "get_identity_log.actor_matches": {"executed_lines": [], "summary": {"covered_lines": 0, "num_statements": 2, "percent_covered": 0.0, "percent_covered_display": "0", "missing_lines": 2, "excluded_lines": 0}, "missing_lines": [419, 420], "excluded_lines": []}, "get_identity_log.ts_to_cycle": {"executed_lines": [], "summary": {"covered_lines": 0, "num_statements": 7, "percent_covered": 0.0, "percent_covered_display": "0", "missing_lines": 7, "excluded_lines": 0}, "missing_lines": [423, 424, 425, 426, 427, 428, 429], "excluded_lines": []}, "": {"executed_lines": [1, 2, 4, 5, 6, 7, 8, 9, 11, 13, 14, 16, 19, 24, 34, 51, 59, 80, 101, 102, 149, 150, 155, 156, 252, 253, 401, 402], "summary": {"covered_lines": 27, "num_statements": 27, "percent_covered": 100.0, "percent_covered_display": "100", "missing_lines": 0, "excluded_lines": 0}, "missing_lines": [], "excluded_lines": []}}, "classes": {"": {"executed_lines": [1, 2, 4, 5, 6, 7, 8, 9, 11, 13, 14, 16, 19, 24, 34, 51, 59, 80, 101, 102, 104, 105, 106, 108, 109, 116, 117, 146, 149, 150, 155, 156, 158, 159, 160, 162, 163, 164, 165, 166, 167, 169, 170, 252, 253, 255, 256, 257, 258, 260, 262, 263, 401, 402], "summary": {"covered_lines": 53, "num_statements": 308, "percent_covered": 17.207792207792206, "percent_covered_display": "17", "missing_lines": 255, "excluded_lines": 0}, "missing_lines": [21, 26, 27, 28, 29, 30, 31, 35, 36, 37, 38, 39, 40, 41, 42, 43, 44, 45, 46, 47, 48, 52, 53, 54, 55, 56, 60, 61, 62, 63, 64, 65, 66, 67, 68, 69, 70, 71, 72, 73, 74, 75, 76, 77, 81, 82, 83, 84, 85, 86, 87, 88, 89, 90, 91, 92, 93, 94, 95, 96, 97, 98, 110, 111, 112, 113, 114, 118, 119, 120, 121, 122, 123, 124, 125, 126, 128, 143, 144, 152, 171, 172, 173, 174, 175, 176, 177, 178, 179, 180, 181, 183, 184, 185, 186, 188, 189, 190, 191, 193, 194, 195, 197, 199, 200, 201, 203, 205, 206, 207, 209, 211, 212, 224, 225, 226, 227, 228, 229, 231, 232, 233, 234, 235, 236, 237, 238, 240, 265, 266, 267, 269, 270, 271, 272, 274, 275, 276, 277, 278, 279, 280, 281, 286, 287, 289, 290, 291, 292, 293, 294, 295, 296, 297, 298, 304, 305, 306, 307, 308, 309, 311, 312, 313, 319, 320, 321, 322, 323, 324, 325, 326, 327, 328, 329, 330, 331, 332, 333, 334, 335, 336, 344, 345, 346, 348, 349, 350, 351, 352, 353, 354, 355, 356, 357, 358, 359, 360, 362, 397, 398, 404, 405, 407, 408, 409, 410, 411, 412, 414, 415, 416, 418, 419, 420, 422, 423, 424, 425, 426, 427, 428, 429, 431, 432, 433, 434, 435, 436, 437, 438, 439, 440, 441, 442, 443, 444, 454, 455, 456, 457, 458, 459, 460, 461, 462, 463, 464, 465, 466, 467, 477, 478, 479, 480], "excluded_lines": []}}}, "vivarium/runtime/control_panel/blueprints/insights/__init__.py": {"executed_lines": [1, 2], "summary": {"covered_lines": 2, "num_statements": 2, "percent_covered": 100.0, "percent_covered_display": "100", "missing_lines": 0, "excluded_lines": 0}, "missing_lines": [], "excluded_lines": [], "functions": {"": {"executed_lines": [1, 2], "summary": {"covered_lines": 2, "num_statements": 2, "percent_covered": 100.0, "percent_covered_display": "100", "missing_lines": 0, "excluded_lines": 0}, "missing_lines": [], "excluded_lines": []}}, "classes": {"": {"executed_lines": [1, 2], "summary": {"covered_lines": 2, "num_statements": 2, "percent_covered": 100.0, "percent_covered_display": "100", "missing_lines": 0, "excluded_lines": 0}, "missing_lines": [], "excluded_lines": []}}}, "vivarium/runtime/control_panel/blueprints/insights/routes.py": {"executed_lines": [1, 2, 4, 5, 6, 8, 10, 13, 14, 15, 16, 17, 39, 40, 42, 63, 64, 66, 67, 68, 69, 70, 73, 74, 75, 76, 78, 79, 80, 81, 82, 83, 84, 85, 86, 88, 90, 92, 94, 96, 99, 100, 101, 102, 104, 107, 108, 109, 111, 112, 113, 124, 130, 131, 132, 138, 139, 140, 141, 161, 162, 163, 165, 166, 172, 173, 174, 175, 176, 179, 180, 181, 182, 183, 185, 186, 187, 188, 189, 190, 192, 200, 201, 202, 203, 204, 206, 207, 208, 209, 213, 214, 215, 219, 220, 223, 225, 226, 227, 228, 229, 230, 231, 232, 241, 242, 244, 247, 248, 249, 251, 257, 264, 266, 267, 268, 284, 285, 286, 287, 296, 297, 306, 307, 308, 317, 318, 327, 328, 343, 344, 353, 362, 363, 364, 373, 382, 383, 398, 420], "summary": {"covered_lines": 139, "num_statements": 206, "percent_covered": 67.47572815533981, "percent_covered_display": "67", "missing_lines": 67, "excluded_lines": 0}, "missing_lines": [71, 72, 87, 89, 91, 93, 95, 97, 103, 105, 106, 142, 143, 144, 145, 146, 147, 148, 149, 150, 151, 152, 153, 154, 155, 156, 157, 158, 159, 164, 167, 168, 169, 170, 177, 178, 205, 210, 211, 221, 222, 243, 245, 250, 256, 262, 269, 270, 271, 272, 273, 274, 275, 276, 277, 278, 279, 280, 281, 282, 399, 400, 401, 402, 403, 404, 405], "excluded_lines": [], "functions": {"_app_helpers": {"executed_lines": [14, 15, 16, 17], "summary": {"covered_lines": 4, "num_statements": 4, "percent_covered": 100.0, "percent_covered_display": "100", "missing_lines": 0, "excluded_lines": 0}, "missing_lines": [], "excluded_lines": []}, "api_insights": {"executed_lines": [42, 63, 64, 66, 67, 68, 69, 70, 73, 74, 75, 76, 78, 79, 80, 81, 82, 83, 84, 85, 86, 88, 90, 92, 94, 96, 99, 100, 101, 102, 104, 107, 108, 109, 111, 112, 113, 124, 130, 131, 132, 138, 139, 140, 141, 161, 162, 163, 165, 166, 172, 173, 174, 175, 176, 179, 180, 181, 182, 183, 185, 186, 187, 188, 189, 190, 192, 200, 201, 202, 203, 204, 206, 207, 208, 209, 213, 214, 215, 219, 220, 223, 225, 226, 227, 228, 229, 230, 231, 232, 241, 242, 244, 247, 248, 249, 251, 257, 264, 266, 267, 268, 284, 285, 286, 287, 296, 297, 306, 307, 308, 317, 318, 327, 328, 343, 344, 353, 362, 363, 364, 373, 382, 383, 398, 420], "summary": {"covered_lines": 126, "num_statements": 193, "percent_covered": 65.28497409326425, "percent_covered_display": "65", "missing_lines": 67, "excluded_lines": 0}, "missing_lines": [71, 72, 87, 89, 91, 93, 95, 97, 103, 105, 106, 142, 143, 144, 145, 146, 147, 148, 149, 150, 151, 152, 153, 154, 155, 156, 157, 158, 159, 164, 167, 168, 169, 170, 177, 178, 205, 210, 211, 221, 222, 243, 245, 250, 256, 262, 269, 270, 271, 272, 273, 274, 275, 276, 277, 278, 279, 280, 281, 282, 399, 400, 401, 402, 403, 404, 405], "excluded_lines": []}, "": {"executed_lines": [1, 2, 4, 5, 6, 8, 10, 13, 39, 40], "summary": {"covered_lines": 9, "num_statements": 9, "percent_covered": 100.0, "percent_covered_display": "100", "missing_lines": 0, "excluded_lines": 0}, "missing_lines": [], "excluded_lines": []}}, "classes": {"": {"executed_lines": [1, 2, 4, 5, 6, 8, 10, 13, 14, 15, 16, 17, 39, 40, 42, 63, 64, 66, 67, 68, 69, 70, 73, 74, 75, 76, 78, 79, 80, 81, 82, 83, 84, 85, 86, 88, 90, 92, 94, 96, 99, 100, 101, 102, 104, 107, 108, 109, 111, 112, 113, 124, 130, 131, 132, 138, 139, 140, 141, 161, 162, 163, 165, 166, 172, 173, 174, 175, 176, 179, 180, 181, 182, 183, 185, 186, 187, 188, 189, 190, 192, 200, 201, 202, 203, 204, 206, 207, 208, 209, 213, 214, 215, 219, 220, 223, 225, 226, 227, 228, 229, 230, 231, 232, 241, 242, 244, 247, 248, 249, 251, 257, 264, 266, 267, 268, 284, 285, 286, 287, 296, 297, 306, 307, 308, 317, 318, 327, 328, 343, 344, 353, 362, 363, 364, 373, 382, 383, 398, 420], "summary": {"covered_lines": 139, "num_statements": 206, "percent_covered": 67.47572815533981, "percent_covered_display": "67", "missing_lines": 67, "excluded_lines": 0}, "missing_lines": [71, 72, 87, 89, 91, 93, 95, 97, 103, 105, 106, 142, 143, 144, 145, 146, 147, 148, 149, 150, 151, 152, 153, 154, 155, 156, 157, 158, 159, 164, 167, 168, 169, 170, 177, 178, 205, 210, 211, 221, 222, 243, 245, 250, 256, 262, 269, 270, 271, 272, 273, 274, 275, 276, 277, 278, 279, 280, 281, 282, 399, 400, 401, 402, 403, 404, 405], "excluded_lines": []}}}, "vivarium/runtime/control_panel/blueprints/logs/__init__.py": {"executed_lines": [1, 2], "summary": {"covered_lines": 2, "num_statements": 2, "percent_covered": 100.0, "percent_covered_display": "100", "missing_lines": 0, "excluded_lines": 0}, "missing_lines": [], "excluded_lines": [], "functions": {"": {"executed_lines": [1, 2], "summary": {"covered_lines": 2, "num_statements": 2, "percent_covered": 100.0, "percent_covered_display": "100", "missing_lines": 0, "excluded_lines": 0}, "missing_lines": [], "excluded_lines": []}}, "classes": {"": {"executed_lines": [1, 2], "summary": {"covered_lines": 2, "num_statements": 2, "percent_covered": 100.0, "percent_covered_display": "100", "missing_lines": 0, "excluded_lines": 0}, "missing_lines": [], "excluded_lines": []}}}, "vivarium/runtime/control_panel/blueprints/logs/routes.py": {"executed_lines": [1, 2, 4, 6, 9, 11, 13, 27, 28, 30, 43, 44, 45, 46, 47, 48, 49, 50, 51, 52, 53, 54, 55, 56, 57, 58, 59, 60, 62, 63, 64, 65, 75, 76], "summary": {"covered_lines": 33, "num_statements": 50, "percent_covered": 66.0, "percent_covered_display": "66", "missing_lines": 17, "excluded_lines": 0}, "missing_lines": [61, 78, 86, 87, 88, 89, 90, 91, 92, 94, 96, 97, 98, 99, 100, 101, 102], "excluded_lines": [], "functions": {"_app_helpers": {"executed_lines": [11, 13], "summary": {"covered_lines": 2, "num_statements": 2, "percent_covered": 100.0, "percent_covered_display": "100", "missing_lines": 0, "excluded_lines": 0}, "missing_lines": [], "excluded_lines": []}, "get_logs_recent": {"executed_lines": [30, 43, 44, 45, 46, 47, 48, 49, 50, 51, 52, 53, 54, 55, 56, 57, 58, 59, 60, 62, 63, 64, 65], "summary": {"covered_lines": 23, "num_statements": 24, "percent_covered": 95.83333333333333, "percent_covered_display": "96", "missing_lines": 1, "excluded_lines": 0}, "missing_lines": [61], "excluded_lines": []}, "get_logs_raw": {"executed_lines": [], "summary": {"covered_lines": 0, "num_statements": 16, "percent_covered": 0.0, "percent_covered_display": "0", "missing_lines": 16, "excluded_lines": 0}, "missing_lines": [78, 86, 87, 88, 89, 90, 91, 92, 94, 96, 97, 98, 99, 100, 101, 102], "excluded_lines": []}, "": {"executed_lines": [1, 2, 4, 6, 9, 27, 28, 75, 76], "summary": {"covered_lines": 8, "num_statements": 8, "percent_covered": 100.0, "percent_covered_display": "100", "missing_lines": 0, "excluded_lines": 0}, "missing_lines": [], "excluded_lines": []}}, "classes": {"": {"executed_lines": [1, 2, 4, 6, 9, 11, 13, 27, 28, 30, 43, 44, 45, 46, 47, 48, 49, 50, 51, 52, 53, 54, 55, 56, 57, 58, 59, 60, 62, 63, 64, 65, 75, 76], "summary": {"covered_lines": 33, "num_statements": 50, "percent_covered": 66.0, "percent_covered_display": "66", "missing_lines": 17, "excluded_lines": 0}, "missing_lines": [61, 78, 86, 87, 88, 89, 90, 91, 92, 94, 96, 97, 98, 99, 100, 101, 102], "excluded_lines": []}}}, "vivarium/runtime/control_panel/blueprints/messages/__init__.py": {"executed_lines": [1, 2], "summary": {"covered_lines": 2, "num_statements": 2, "percent_covered": 100.0, "percent_covered_display": "100", "missing_lines": 0, "excluded_lines": 0}, "missing_lines": [], "excluded_lines": [], "functions": {"": {"executed_lines": [1, 2], "summary": {"covered_lines": 2, "num_statements": 2, "percent_covered": 100.0, "percent_covered_display": "100", "missing_lines": 0, "excluded_lines": 0}, "missing_lines": [], "excluded_lines": []}}, "classes": {"": {"executed_lines": [1, 2], "summary": {"covered_lines": 2, "num_statements": 2, "percent_covered": 100.0, "percent_covered_display": "100", "missing_lines": 0, "excluded_lines": 0}, "missing_lines": [], "excluded_lines": []}}}, "vivarium/runtime/control_panel/blueprints/messages/routes.py": {"executed_lines": [1, 2, 4, 5, 7, 9, 12, 14, 16, 30, 31, 53, 54, 69, 70, 148, 149, 151, 160, 161, 162, 163, 164, 169, 170, 172, 184, 185, 186, 187, 189, 193, 194, 242, 268, 269, 271, 273, 274], "summary": {"covered_lines": 38, "num_statements": 125, "percent_covered": 30.4, "percent_covered_display": "30", "missing_lines": 87, "excluded_lines": 0}, "missing_lines": [33, 41, 42, 44, 45, 46, 47, 48, 50, 56, 57, 58, 60, 61, 63, 65, 66, 72, 85, 86, 87, 88, 89, 90, 91, 92, 94, 95, 96, 97, 98, 106, 107, 114, 119, 120, 131, 132, 134, 144, 145, 173, 174, 182, 190, 191, 195, 196, 202, 207, 208, 209, 210, 211, 212, 213, 214, 215, 216, 217, 218, 219, 220, 221, 222, 223, 224, 232, 233, 234, 235, 236, 237, 238, 239, 240, 243, 244, 250, 251, 252, 253, 254, 264, 265, 266, 270], "excluded_lines": [], "functions": {"_app_helpers": {"executed_lines": [14, 16], "summary": {"covered_lines": 2, "num_statements": 2, "percent_covered": 100.0, "percent_covered_display": "100", "missing_lines": 0, "excluded_lines": 0}, "missing_lines": [], "excluded_lines": []}, "get_messages": {"executed_lines": [], "summary": {"covered_lines": 0, "num_statements": 9, "percent_covered": 0.0, "percent_covered_display": "0", "missing_lines": 9, "excluded_lines": 0}, "missing_lines": [33, 41, 42, 44, 45, 46, 47, 48, 50], "excluded_lines": []}, "respond_to_message": {"executed_lines": [], "summary": {"covered_lines": 0, "num_statements": 8, "percent_covered": 0.0, "percent_covered_display": "0", "missing_lines": 8, "excluded_lines": 0}, "missing_lines": [56, 57, 58, 60, 61, 63, 65, 66], "excluded_lines": []}, "send_message": {"executed_lines": [], "summary": {"covered_lines": 0, "num_statements": 24, "percent_covered": 0.0, "percent_covered_display": "0", "missing_lines": 24, "excluded_lines": 0}, "missing_lines": [72, 85, 86, 87, 88, 89, 90, 91, 92, 94, 95, 96, 97, 98, 106, 107, 114, 119, 120, 131, 132, 134, 144, 145], "excluded_lines": []}, "get_mailbox": {"executed_lines": [151, 160, 161, 162, 163, 164, 169, 170, 172, 184, 185, 186, 187, 189, 193, 194, 242, 268, 269, 271, 273, 274], "summary": {"covered_lines": 22, "num_statements": 65, "percent_covered": 33.84615384615385, "percent_covered_display": "34", "missing_lines": 43, "excluded_lines": 0}, "missing_lines": [190, 191, 195, 196, 202, 207, 208, 209, 210, 211, 212, 213, 214, 215, 216, 217, 218, 219, 220, 221, 222, 223, 224, 232, 233, 234, 235, 236, 237, 238, 239, 240, 243, 244, 250, 251, 252, 253, 254, 264, 265, 266, 270], "excluded_lines": []}, "get_mailbox._touch_thread": {"executed_lines": [], "summary": {"covered_lines": 0, "num_statements": 3, "percent_covered": 0.0, "percent_covered_display": "0", "missing_lines": 3, "excluded_lines": 0}, "missing_lines": [173, 174, 182], "excluded_lines": []}, "": {"executed_lines": [1, 2, 4, 5, 7, 9, 12, 30, 31, 53, 54, 69, 70, 148, 149], "summary": {"covered_lines": 14, "num_statements": 14, "percent_covered": 100.0, "percent_covered_display": "100", "missing_lines": 0, "excluded_lines": 0}, "missing_lines": [], "excluded_lines": []}}, "classes": {"": {"executed_lines": [1, 2, 4, 5, 7, 9, 12, 14, 16, 30, 31, 53, 54, 69, 70, 148, 149, 151, 160, 161, 162, 163, 164, 169, 170, 172, 184, 185, 186, 187, 189, 193, 194, 242, 268, 269, 271, 273, 274], "summary": {"covered_lines": 38, "num_statements": 125, "percent_covered": 30.4, "percent_covered_display": "30", "missing_lines": 87, "excluded_lines": 0}, "missing_lines": [33, 41, 42, 44, 45, 46, 47, 48, 50, 56, 57, 58, 60, 61, 63, 65, 66, 72, 85, 86, 87, 88, 89, 90, 91, 92, 94, 95, 96, 97, 98, 106, 107, 114, 119, 120, 131, 132, 134, 144, 145, 173, 174, 182, 190, 191, 195, 196, 202, 207, 208, 209, 210, 211, 212, 213, 214, 215, 216, 217, 218, 219, 220, 221, 222, 223, 224, 232, 233, 234, 235, 236, 237, 238, 239, 240, 243, 244, 250, 251, 252, 253, 254, 264, 265, 266, 270], "excluded_lines": []}}}, "vivarium/runtime/control_panel/blueprints/quests/__init__.py": {"executed_lines": [1, 3], "summary": {"covered_lines": 2, "num_statements": 2, "percent_covered": 100.0, "percent_covered_display": "100", "missing_lines": 0, "excluded_lines": 0}, "missing_lines": [], "excluded_lines": [], "functions": {"": {"executed_lines": [1, 3], "summary": {"covered_lines": 2, "num_statements": 2, "percent_covered": 100.0, "percent_covered_display": "100", "missing_lines": 0, "excluded_lines": 0}, "missing_lines": [], "excluded_lines": []}}, "classes": {"": {"executed_lines": [1, 3], "summary": {"covered_lines": 2, "num_statements": 2, "percent_covered": 100.0, "percent_covered_display": "100", "missing_lines": 0, "excluded_lines": 0}, "missing_lines": [], "excluded_lines": []}}}, "vivarium/runtime/control_panel/blueprints/quests/routes.py": {"executed_lines": [1, 2, 4, 5, 7, 9, 10, 12, 13, 14, 16, 19, 21, 23, 33, 37, 42, 48, 58, 66, 67, 143, 144, 146, 147, 148, 151, 152, 182, 183, 207, 208, 234, 235], "summary": {"covered_lines": 33, "num_statements": 172, "percent_covered": 19.186046511627907, "percent_covered_display": "19", "missing_lines": 139, "excluded_lines": 0}, "missing_lines": [34, 38, 39, 43, 44, 45, 49, 50, 51, 52, 53, 54, 55, 59, 60, 61, 62, 63, 69, 70, 71, 72, 73, 74, 75, 76, 78, 79, 80, 81, 82, 84, 85, 86, 87, 88, 89, 90, 97, 98, 105, 106, 107, 115, 116, 118, 119, 139, 140, 154, 155, 156, 157, 158, 159, 160, 162, 163, 164, 165, 166, 167, 168, 170, 171, 172, 173, 174, 175, 176, 177, 178, 179, 185, 186, 187, 188, 189, 190, 191, 192, 194, 195, 196, 197, 198, 199, 200, 201, 202, 203, 204, 210, 211, 212, 213, 214, 215, 216, 217, 219, 220, 221, 222, 223, 224, 225, 226, 227, 228, 229, 230, 231, 237, 238, 239, 240, 241, 242, 243, 244, 245, 246, 247, 248, 249, 251, 252, 253, 254, 255, 256, 257, 258, 259, 260, 261, 262, 263], "excluded_lines": [], "functions": {"_quest_helpers": {"executed_lines": [21, 23], "summary": {"covered_lines": 2, "num_statements": 2, "percent_covered": 100.0, "percent_covered_display": "100", "missing_lines": 0, "excluded_lines": 0}, "missing_lines": [], "excluded_lines": []}, "_get_quests_file": {"executed_lines": [], "summary": {"covered_lines": 0, "num_statements": 1, "percent_covered": 0.0, "percent_covered_display": "0", "missing_lines": 1, "excluded_lines": 0}, "missing_lines": [34], "excluded_lines": []}, "_load_mailbox_quests": {"executed_lines": [], "summary": {"covered_lines": 0, "num_statements": 2, "percent_covered": 0.0, "percent_covered_display": "0", "missing_lines": 2, "excluded_lines": 0}, "missing_lines": [38, 39], "excluded_lines": []}, "_save_mailbox_quests": {"executed_lines": [], "summary": {"covered_lines": 0, "num_statements": 3, "percent_covered": 0.0, "percent_covered_display": "0", "missing_lines": 3, "excluded_lines": 0}, "missing_lines": [43, 44, 45], "excluded_lines": []}, "_normalize_quest_budget": {"executed_lines": [], "summary": {"covered_lines": 0, "num_statements": 7, "percent_covered": 0.0, "percent_covered_display": "0", "missing_lines": 7, "excluded_lines": 0}, "missing_lines": [49, 50, 51, 52, 53, 54, 55], "excluded_lines": []}, "_normalize_quest_tokens": {"executed_lines": [], "summary": {"covered_lines": 0, "num_statements": 5, "percent_covered": 0.0, "percent_covered_display": "0", "missing_lines": 5, "excluded_lines": 0}, "missing_lines": [59, 60, 61, 62, 63], "excluded_lines": []}, "create_quest": {"executed_lines": [], "summary": {"covered_lines": 0, "num_statements": 31, "percent_covered": 0.0, "percent_covered_display": "0", "missing_lines": 31, "excluded_lines": 0}, "missing_lines": [69, 70, 71, 72, 73, 74, 75, 76, 78, 79, 80, 81, 82, 84, 85, 86, 87, 88, 89, 90, 97, 98, 105, 106, 107, 115, 116, 118, 119, 139, 140], "excluded_lines": []}, "quest_status": {"executed_lines": [146, 147, 148], "summary": {"covered_lines": 3, "num_statements": 3, "percent_covered": 100.0, "percent_covered_display": "100", "missing_lines": 0, "excluded_lines": 0}, "missing_lines": [], "excluded_lines": []}, "quest_tip": {"executed_lines": [], "summary": {"covered_lines": 0, "num_statements": 24, "percent_covered": 0.0, "percent_covered_display": "0", "missing_lines": 24, "excluded_lines": 0}, "missing_lines": [154, 155, 156, 157, 158, 159, 160, 162, 163, 164, 165, 166, 167, 168, 170, 171, 172, 173, 174, 175, 176, 177, 178, 179], "excluded_lines": []}, "quest_pause": {"executed_lines": [], "summary": {"covered_lines": 0, "num_statements": 19, "percent_covered": 0.0, "percent_covered_display": "0", "missing_lines": 19, "excluded_lines": 0}, "missing_lines": [185, 186, 187, 188, 189, 190, 191, 192, 194, 195, 196, 197, 198, 199, 200, 201, 202, 203, 204], "excluded_lines": []}, "quest_resume": {"executed_lines": [], "summary": {"covered_lines": 0, "num_statements": 21, "percent_covered": 0.0, "percent_covered_display": "0", "missing_lines": 21, "excluded_lines": 0}, "missing_lines": [210, 211, 212, 213, 214, 215, 216, 217, 219, 220, 221, 222, 223, 224, 225, 226, 227, 228, 229, 230, 231], "excluded_lines": []}, "quest_approve": {"executed_lines": [], "summary": {"covered_lines": 0, "num_statements": 26, "percent_covered": 0.0, "percent_covered_display": "0", "missing_lines": 26, "excluded_lines": 0}, "missing_lines": [237, 238, 239, 240, 241, 242, 243, 244, 245, 246, 247, 248, 249, 251, 252, 253, 254, 255, 256, 257, 258, 259, 260, 261, 262, 263], "excluded_lines": []}, "": {"executed_lines": [1, 2, 4, 5, 7, 9, 10, 12, 13, 14, 16, 19, 33, 37, 42, 48, 58, 66, 67, 143, 144, 151, 152, 182, 183, 207, 208, 234, 235], "summary": {"covered_lines": 28, "num_statements": 28, "percent_covered": 100.0, "percent_covered_display": "100", "missing_lines": 0, "excluded_lines": 0}, "missing_lines": [], "excluded_lines": []}}, "classes": {"": {"executed_lines": [1, 2, 4, 5, 7, 9, 10, 12, 13, 14, 16, 19, 21, 23, 33, 37, 42, 48, 58, 66, 67, 143, 144, 146, 147, 148, 151, 152, 182, 183, 207, 208, 234, 235], "summary": {"covered_lines": 33, "num_statements": 172, "percent_covered": 19.186046511627907, "percent_covered_display": "19", "missing_lines": 139, "excluded_lines": 0}, "missing_lines": [34, 38, 39, 43, 44, 45, 49, 50, 51, 52, 53, 54, 55, 59, 60, 61, 62, 63, 69, 70, 71, 72, 73, 74, 75, 76, 78, 79, 80, 81, 82, 84, 85, 86, 87, 88, 89, 90, 97, 98, 105, 106, 107, 115, 116, 118, 119, 139, 140, 154, 155, 156, 157, 158, 159, 160, 162, 163, 164, 165, 166, 167, 168, 170, 171, 172, 173, 174, 175, 176, 177, 178, 179, 185, 186, 187, 188, 189, 190, 191, 192, 194, 195, 196, 197, 198, 199, 200, 201, 202, 203, 204, 210, 211, 212, 213, 214, 215, 216, 217, 219, 220, 221, 222, 223, 224, 225, 226, 227, 228, 229, 230, 231, 237, 238, 239, 240, 241, 242, 243, 244, 245, 246, 247, 248, 249, 251, 252, 253, 254, 255, 256, 257, 258, 259, 260, 261, 262, 263], "excluded_lines": []}}}, "vivarium/runtime/control_panel/blueprints/queue/__init__.py": {"executed_lines": [1, 2, 4], "summary": {"covered_lines": 2, "num_statements": 2, "percent_covered": 100.0, "percent_covered_display": "100", "missing_lines": 0, "excluded_lines": 0}, "missing_lines": [], "excluded_lines": [], "functions": {"": {"executed_lines": [1, 2, 4], "summary": {"covered_lines": 2, "num_statements": 2, "percent_covered": 100.0, "percent_covered_display": "100", "missing_lines": 0, "excluded_lines": 0}, "missing_lines": [], "excluded_lines": []}}, "classes": {"": {"executed_lines": [1, 2, 4], "summary": {"covered_lines": 2, "num_statements": 2, "percent_covered": 100.0, "percent_covered_display": "100", "missing_lines": 0, "excluded_lines": 0}, "missing_lines": [], "excluded_lines": []}}}, "vivarium/runtime/control_panel/blueprints/queue/routes.py": {"executed_lines": [1, 2, 4, 5, 7, 9, 10, 12, 15, 17, 24, 33, 35, 36, 37, 38, 39, 40, 59, 60, 62, 63, 64, 65, 67, 68, 69, 70, 72, 78, 79, 80, 81, 82, 83, 84, 85, 87, 98, 99, 100, 103, 104, 144, 145, 169, 170, 172, 173, 174, 175, 176, 177, 178, 179, 180, 181, 183, 184, 185, 192, 193, 194, 208, 209, 211, 212, 213, 214, 215, 216, 217, 218, 219, 226, 231, 232, 234, 235, 236, 237, 238, 239, 240, 246, 247, 261, 262, 278, 279, 367, 368, 398, 399], "summary": {"covered_lines": 93, "num_statements": 257, "percent_covered": 36.18677042801556, "percent_covered_display": "36", "missing_lines": 164, "excluded_lines": 0}, "missing_lines": [50, 51, 66, 71, 73, 74, 75, 76, 77, 86, 106, 107, 108, 109, 110, 111, 112, 113, 115, 116, 117, 118, 119, 120, 121, 122, 123, 124, 126, 127, 132, 133, 135, 136, 137, 138, 139, 140, 141, 147, 148, 149, 150, 152, 153, 154, 155, 156, 157, 158, 159, 160, 161, 162, 163, 165, 166, 182, 186, 227, 228, 241, 242, 243, 249, 250, 251, 252, 253, 254, 255, 256, 257, 258, 264, 265, 266, 267, 268, 269, 270, 271, 272, 281, 282, 283, 284, 285, 286, 287, 288, 292, 293, 294, 295, 296, 297, 298, 299, 300, 301, 310, 311, 312, 313, 320, 321, 322, 323, 324, 325, 331, 332, 333, 334, 335, 336, 337, 338, 341, 342, 343, 344, 345, 346, 347, 348, 355, 356, 357, 370, 371, 372, 373, 374, 375, 376, 377, 381, 382, 383, 384, 385, 386, 393, 394, 395, 401, 402, 403, 404, 405, 406, 407, 408, 412, 413, 414, 415, 416, 417, 424, 425, 426], "excluded_lines": [], "functions": {"_queue_helpers": {"executed_lines": [17, 24], "summary": {"covered_lines": 2, "num_statements": 2, "percent_covered": 100.0, "percent_covered_display": "100", "missing_lines": 0, "excluded_lines": 0}, "missing_lines": [], "excluded_lines": []}, "_get_one_time_tasks_list": {"executed_lines": [35, 36, 37, 38, 39, 40], "summary": {"covered_lines": 6, "num_statements": 8, "percent_covered": 75.0, "percent_covered_display": "75", "missing_lines": 2, "excluded_lines": 0}, "missing_lines": [50, 51], "excluded_lines": []}, "api_queue_add": {"executed_lines": [62, 63, 64, 65, 67, 68, 69, 70, 72, 78, 79, 80, 81, 82, 83, 84, 85, 87, 98, 99, 100], "summary": {"covered_lines": 21, "num_statements": 29, "percent_covered": 72.41379310344827, "percent_covered_display": "72", "missing_lines": 8, "excluded_lines": 0}, "missing_lines": [66, 71, 73, 74, 75, 76, 77, 86], "excluded_lines": []}, "api_queue_update": {"executed_lines": [], "summary": {"covered_lines": 0, "num_statements": 29, "percent_covered": 0.0, "percent_covered_display": "0", "missing_lines": 29, "excluded_lines": 0}, "missing_lines": [106, 107, 108, 109, 110, 111, 112, 113, 115, 116, 117, 118, 119, 120, 121, 122, 123, 124, 126, 127, 132, 133, 135, 136, 137, 138, 139, 140, 141], "excluded_lines": []}, "api_queue_delete": {"executed_lines": [], "summary": {"covered_lines": 0, "num_statements": 18, "percent_covered": 0.0, "percent_covered_display": "0", "missing_lines": 18, "excluded_lines": 0}, "missing_lines": [147, 148, 149, 150, 152, 153, 154, 155, 156, 157, 158, 159, 160, 161, 162, 163, 165, 166], "excluded_lines": []}, "api_queue_state": {"executed_lines": [172, 173, 174, 175, 176, 177, 178, 179, 180, 181, 183, 184, 185, 192, 193, 194], "summary": {"covered_lines": 16, "num_statements": 18, "percent_covered": 88.88888888888889, "percent_covered_display": "89", "missing_lines": 2, "excluded_lines": 0}, "missing_lines": [182, 186], "excluded_lines": []}, "api_one_time_tasks_list": {"executed_lines": [211, 212, 213, 214, 215, 216, 217, 218, 219, 226], "summary": {"covered_lines": 10, "num_statements": 12, "percent_covered": 83.33333333333333, "percent_covered_display": "83", "missing_lines": 2, "excluded_lines": 0}, "missing_lines": [227, 228], "excluded_lines": []}, "api_one_time_tasks_create": {"executed_lines": [234, 235, 236, 237, 238, 239, 240], "summary": {"covered_lines": 7, "num_statements": 10, "percent_covered": 70.0, "percent_covered_display": "70", "missing_lines": 3, "excluded_lines": 0}, "missing_lines": [241, 242, 243], "excluded_lines": []}, "api_one_time_tasks_update": {"executed_lines": [], "summary": {"covered_lines": 0, "num_statements": 10, "percent_covered": 0.0, "percent_covered_display": "0", "missing_lines": 10, "excluded_lines": 0}, "missing_lines": [249, 250, 251, 252, 253, 254, 255, 256, 257, 258], "excluded_lines": []}, "api_one_time_tasks_delete": {"executed_lines": [], "summary": {"covered_lines": 0, "num_statements": 9, "percent_covered": 0.0, "percent_covered_display": "0", "missing_lines": 9, "excluded_lines": 0}, "missing_lines": [264, 265, 266, 267, 268, 269, 270, 271, 272], "excluded_lines": []}, "api_queue_task_approve": {"executed_lines": [], "summary": {"covered_lines": 0, "num_statements": 47, "percent_covered": 0.0, "percent_covered_display": "0", "missing_lines": 47, "excluded_lines": 0}, "missing_lines": [281, 282, 283, 284, 285, 286, 287, 288, 292, 293, 294, 295, 296, 297, 298, 299, 300, 301, 310, 311, 312, 313, 320, 321, 322, 323, 324, 325, 331, 332, 333, 334, 335, 336, 337, 338, 341, 342, 343, 344, 345, 346, 347, 348, 355, 356, 357], "excluded_lines": []}, "api_queue_task_requeue": {"executed_lines": [], "summary": {"covered_lines": 0, "num_statements": 17, "percent_covered": 0.0, "percent_covered_display": "0", "missing_lines": 17, "excluded_lines": 0}, "missing_lines": [370, 371, 372, 373, 374, 375, 376, 377, 381, 382, 383, 384, 385, 386, 393, 394, 395], "excluded_lines": []}, "api_queue_task_remove": {"executed_lines": [], "summary": {"covered_lines": 0, "num_statements": 17, "percent_covered": 0.0, "percent_covered_display": "0", "missing_lines": 17, "excluded_lines": 0}, "missing_lines": [401, 402, 403, 404, 405, 406, 407, 408, 412, 413, 414, 415, 416, 417, 424, 425, 426], "excluded_lines": []}, "": {"executed_lines": [1, 2, 4, 5, 7, 9, 10, 12, 15, 33, 59, 60, 103, 104, 144, 145, 169, 170, 208, 209, 231, 232, 246, 247, 261, 262, 278, 279, 367, 368, 398, 399], "summary": {"covered_lines": 31, "num_statements": 31, "percent_covered": 100.0, "percent_covered_display": "100", "missing_lines": 0, "excluded_lines": 0}, "missing_lines": [], "excluded_lines": []}}, "classes": {"": {"executed_lines": [1, 2, 4, 5, 7, 9, 10, 12, 15, 17, 24, 33, 35, 36, 37, 38, 39, 40, 59, 60, 62, 63, 64, 65, 67, 68, 69, 70, 72, 78, 79, 80, 81, 82, 83, 84, 85, 87, 98, 99, 100, 103, 104, 144, 145, 169, 170, 172, 173, 174, 175, 176, 177, 178, 179, 180, 181, 183, 184, 185, 192, 193, 194, 208, 209, 211, 212, 213, 214, 215, 216, 217, 218, 219, 226, 231, 232, 234, 235, 236, 237, 238, 239, 240, 246, 247, 261, 262, 278, 279, 367, 368, 398, 399], "summary": {"covered_lines": 93, "num_statements": 257, "percent_covered": 36.18677042801556, "percent_covered_display": "36", "missing_lines": 164, "excluded_lines": 0}, "missing_lines": [50, 51, 66, 71, 73, 74, 75, 76, 77, 86, 106, 107, 108, 109, 110, 111, 112, 113, 115, 116, 117, 118, 119, 120, 121, 122, 123, 124, 126, 127, 132, 133, 135, 136, 137, 138, 139, 140, 141, 147, 148, 149, 150, 152, 153, 154, 155, 156, 157, 158, 159, 160, 161, 162, 163, 165, 166, 182, 186, 227, 228, 241, 242, 243, 249, 250, 251, 252, 253, 254, 255, 256, 257, 258, 264, 265, 266, 267, 268, 269, 270, 271, 272, 281, 282, 283, 284, 285, 286, 287, 288, 292, 293, 294, 295, 296, 297, 298, 299, 300, 301, 310, 311, 312, 313, 320, 321, 322, 323, 324, 325, 331, 332, 333, 334, 335, 336, 337, 338, 341, 342, 343, 344, 345, 346, 347, 348, 355, 356, 357, 370, 371, 372, 373, 374, 375, 376, 377, 381, 382, 383, 384, 385, 386, 393, 394, 395, 401, 402, 403, 404, 405, 406, 407, 408, 412, 413, 414, 415, 416, 417, 424, 425, 426], "excluded_lines": []}}}, "vivarium/runtime/control_panel/blueprints/rollback/__init__.py": {"executed_lines": [1, 2, 4], "summary": {"covered_lines": 2, "num_statements": 2, "percent_covered": 100.0, "percent_covered_display": "100", "missing_lines": 0, "excluded_lines": 0}, "missing_lines": [], "excluded_lines": [], "functions": {"": {"executed_lines": [1, 2, 4], "summary": {"covered_lines": 2, "num_statements": 2, "percent_covered": 100.0, "percent_covered_display": "100", "missing_lines": 0, "excluded_lines": 0}, "missing_lines": [], "excluded_lines": []}}, "classes": {"": {"executed_lines": [1, 2, 4], "summary": {"covered_lines": 2, "num_statements": 2, "percent_covered": 100.0, "percent_covered_display": "100", "missing_lines": 0, "excluded_lines": 0}, "missing_lines": [], "excluded_lines": []}}}, "vivarium/runtime/control_panel/blueprints/rollback/routes.py": {"executed_lines": [1, 2, 4, 5, 7, 9, 11, 13, 14, 15, 16, 17, 20, 24, 37, 77, 137, 146, 147, 159, 160], "summary": {"covered_lines": 20, "num_statements": 119, "percent_covered": 16.80672268907563, "percent_covered_display": "17", "missing_lines": 99, "excluded_lines": 0}, "missing_lines": [21, 25, 26, 27, 28, 29, 30, 31, 32, 33, 34, 39, 40, 41, 42, 43, 44, 45, 46, 47, 48, 49, 50, 51, 52, 53, 54, 55, 56, 57, 58, 59, 69, 70, 71, 72, 73, 74, 78, 79, 80, 81, 82, 89, 90, 91, 92, 93, 95, 96, 97, 98, 99, 110, 111, 112, 139, 143, 149, 150, 151, 152, 153, 154, 155, 156, 162, 163, 164, 165, 166, 167, 168, 170, 171, 178, 179, 180, 181, 182, 183, 184, 191, 197, 198, 199, 201, 202, 203, 204, 206, 207, 208, 209, 210, 211, 213, 214, 216], "excluded_lines": [], "functions": {"_clamp_int": {"executed_lines": [], "summary": {"covered_lines": 0, "num_statements": 1, "percent_covered": 0.0, "percent_covered_display": "0", "missing_lines": 1, "excluded_lines": 0}, "missing_lines": [21], "excluded_lines": []}, "_parse_utc_timestamp": {"executed_lines": [], "summary": {"covered_lines": 0, "num_statements": 10, "percent_covered": 0.0, "percent_covered_display": "0", "missing_lines": 10, "excluded_lines": 0}, "missing_lines": [25, 26, 27, 28, 29, 30, 31, 32, 33, 34], "excluded_lines": []}, "_load_checkpoint_events": {"executed_lines": [], "summary": {"covered_lines": 0, "num_statements": 27, "percent_covered": 0.0, "percent_covered_display": "0", "missing_lines": 27, "excluded_lines": 0}, "missing_lines": [39, 40, 41, 42, 43, 44, 45, 46, 47, 48, 49, 50, 51, 52, 53, 54, 55, 56, 57, 58, 59, 69, 70, 71, 72, 73, 74], "excluded_lines": []}, "_rollback_preview_by_days": {"executed_lines": [], "summary": {"covered_lines": 0, "num_statements": 18, "percent_covered": 0.0, "percent_covered_display": "0", "missing_lines": 18, "excluded_lines": 0}, "missing_lines": [78, 79, 80, 81, 82, 89, 90, 91, 92, 93, 95, 96, 97, 98, 99, 110, 111, 112], "excluded_lines": []}, "_rollback_helpers": {"executed_lines": [], "summary": {"covered_lines": 0, "num_statements": 2, "percent_covered": 0.0, "percent_covered_display": "0", "missing_lines": 2, "excluded_lines": 0}, "missing_lines": [139, 143], "excluded_lines": []}, "preview_rollback": {"executed_lines": [], "summary": {"covered_lines": 0, "num_statements": 8, "percent_covered": 0.0, "percent_covered_display": "0", "missing_lines": 8, "excluded_lines": 0}, "missing_lines": [149, 150, 151, 152, 153, 154, 155, 156], "excluded_lines": []}, "rollback_by_days": {"executed_lines": [], "summary": {"covered_lines": 0, "num_statements": 33, "percent_covered": 0.0, "percent_covered_display": "0", "missing_lines": 33, "excluded_lines": 0}, "missing_lines": [162, 163, 164, 165, 166, 167, 168, 170, 171, 178, 179, 180, 181, 182, 183, 184, 191, 197, 198, 199, 201, 202, 203, 204, 206, 207, 208, 209, 210, 211, 213, 214, 216], "excluded_lines": []}, "": {"executed_lines": [1, 2, 4, 5, 7, 9, 11, 13, 14, 15, 16, 17, 20, 24, 37, 77, 137, 146, 147, 159, 160], "summary": {"covered_lines": 20, "num_statements": 20, "percent_covered": 100.0, "percent_covered_display": "100", "missing_lines": 0, "excluded_lines": 0}, "missing_lines": [], "excluded_lines": []}}, "classes": {"": {"executed_lines": [1, 2, 4, 5, 7, 9, 11, 13, 14, 15, 16, 17, 20, 24, 37, 77, 137, 146, 147, 159, 160], "summary": {"covered_lines": 20, "num_statements": 119, "percent_covered": 16.80672268907563, "percent_covered_display": "17", "missing_lines": 99, "excluded_lines": 0}, "missing_lines": [21, 25, 26, 27, 28, 29, 30, 31, 32, 33, 34, 39, 40, 41, 42, 43, 44, 45, 46, 47, 48, 49, 50, 51, 52, 53, 54, 55, 56, 57, 58, 59, 69, 70, 71, 72, 73, 74, 78, 79, 80, 81, 82, 89, 90, 91, 92, 93, 95, 96, 97, 98, 99, 110, 111, 112, 139, 143, 149, 150, 151, 152, 153, 154, 155, 156, 162, 163, 164, 165, 166, 167, 168, 170, 171, 178, 179, 180, 181, 182, 183, 184, 191, 197, 198, 199, 201, 202, 203, 204, 206, 207, 208, 209, 210, 211, 213, 214, 216], "excluded_lines": []}}}, "vivarium/runtime/control_panel/blueprints/root/__init__.py": {"executed_lines": [1, 2], "summary": {"covered_lines": 2, "num_statements": 2, "percent_covered": 100.0, "percent_covered_display": "100", "missing_lines": 0, "excluded_lines": 0}, "missing_lines": [], "excluded_lines": [], "functions": {"": {"executed_lines": [1, 2], "summary": {"covered_lines": 2, "num_statements": 2, "percent_covered": 100.0, "percent_covered_display": "100", "missing_lines": 0, "excluded_lines": 0}, "missing_lines": [], "excluded_lines": []}}, "classes": {"": {"executed_lines": [1, 2], "summary": {"covered_lines": 2, "num_statements": 2, "percent_covered": 100.0, "percent_covered_display": "100", "missing_lines": 0, "excluded_lines": 0}, "missing_lines": [], "excluded_lines": []}}}, "vivarium/runtime/control_panel/blueprints/root/routes.py": {"executed_lines": [1, 2, 4, 6, 8, 11, 12, 13, 16, 17, 18], "summary": {"covered_lines": 10, "num_statements": 10, "percent_covered": 100.0, "percent_covered_display": "100", "missing_lines": 0, "excluded_lines": 0}, "missing_lines": [], "excluded_lines": [], "functions": {"index": {"executed_lines": [13], "summary": {"covered_lines": 1, "num_statements": 1, "percent_covered": 100.0, "percent_covered_display": "100", "missing_lines": 0, "excluded_lines": 0}, "missing_lines": [], "excluded_lines": []}, "favicon": {"executed_lines": [18], "summary": {"covered_lines": 1, "num_statements": 1, "percent_covered": 100.0, "percent_covered_display": "100", "missing_lines": 0, "excluded_lines": 0}, "missing_lines": [], "excluded_lines": []}, "": {"executed_lines": [1, 2, 4, 6, 8, 11, 12, 16, 17], "summary": {"covered_lines": 8, "num_statements": 8, "percent_covered": 100.0, "percent_covered_display": "100", "missing_lines": 0, "excluded_lines": 0}, "missing_lines": [], "excluded_lines": []}}, "classes": {"": {"executed_lines": [1, 2, 4, 6, 8, 11, 12, 13, 16, 17, 18], "summary": {"covered_lines": 10, "num_statements": 10, "percent_covered": 100.0, "percent_covered_display": "100", "missing_lines": 0, "excluded_lines": 0}, "missing_lines": [], "excluded_lines": []}}}, "vivarium/runtime/control_panel/blueprints/runtime_speed/__init__.py": {"executed_lines": [1, 2, 4], "summary": {"covered_lines": 2, "num_statements": 2, "percent_covered": 100.0, "percent_covered_display": "100", "missing_lines": 0, "excluded_lines": 0}, "missing_lines": [], "excluded_lines": [], "functions": {"": {"executed_lines": [1, 2, 4], "summary": {"covered_lines": 2, "num_statements": 2, "percent_covered": 100.0, "percent_covered_display": "100", "missing_lines": 0, "excluded_lines": 0}, "missing_lines": [], "excluded_lines": []}}, "classes": {"": {"executed_lines": [1, 2, 4], "summary": {"covered_lines": 2, "num_statements": 2, "percent_covered": 100.0, "percent_covered_display": "100", "missing_lines": 0, "excluded_lines": 0}, "missing_lines": [], "excluded_lines": []}}}, "vivarium/runtime/control_panel/blueprints/runtime_speed/routes.py": {"executed_lines": [1, 2, 4, 5, 6, 7, 8, 10, 12, 14, 17, 18, 21, 22, 23, 24, 31, 33, 35, 36, 37, 38, 39, 46, 47, 48, 49, 62, 76, 77, 79, 81, 82, 85, 86], "summary": {"covered_lines": 34, "num_statements": 63, "percent_covered": 53.96825396825397, "percent_covered_display": "54", "missing_lines": 29, "excluded_lines": 0}, "missing_lines": [25, 26, 27, 28, 50, 51, 52, 53, 54, 55, 56, 57, 58, 59, 64, 65, 69, 70, 71, 72, 73, 88, 89, 90, 91, 92, 93, 94, 95], "excluded_lines": [], "functions": {"_get_runtime_speed_file": {"executed_lines": [18], "summary": {"covered_lines": 1, "num_statements": 1, "percent_covered": 100.0, "percent_covered_display": "100", "missing_lines": 0, "excluded_lines": 0}, "missing_lines": [], "excluded_lines": []}, "_default_wait_seconds": {"executed_lines": [22, 23, 24], "summary": {"covered_lines": 3, "num_statements": 7, "percent_covered": 42.857142857142854, "percent_covered_display": "43", "missing_lines": 4, "excluded_lines": 0}, "missing_lines": [25, 26, 27, 28], "excluded_lines": []}, "_get_runtime_speed": {"executed_lines": [33, 35, 36, 37, 38, 39, 46, 47, 48, 49], "summary": {"covered_lines": 10, "num_statements": 20, "percent_covered": 50.0, "percent_covered_display": "50", "missing_lines": 10, "excluded_lines": 0}, "missing_lines": [50, 51, 52, 53, 54, 55, 56, 57, 58, 59], "excluded_lines": []}, "_save_runtime_speed": {"executed_lines": [], "summary": {"covered_lines": 0, "num_statements": 7, "percent_covered": 0.0, "percent_covered_display": "0", "missing_lines": 7, "excluded_lines": 0}, "missing_lines": [64, 65, 69, 70, 71, 72, 73], "excluded_lines": []}, "get_runtime_speed": {"executed_lines": [79, 81, 82], "summary": {"covered_lines": 3, "num_statements": 3, "percent_covered": 100.0, "percent_covered_display": "100", "missing_lines": 0, "excluded_lines": 0}, "missing_lines": [], "excluded_lines": []}, "set_runtime_speed": {"executed_lines": [], "summary": {"covered_lines": 0, "num_statements": 8, "percent_covered": 0.0, "percent_covered_display": "0", "missing_lines": 8, "excluded_lines": 0}, "missing_lines": [88, 89, 90, 91, 92, 93, 94, 95], "excluded_lines": []}, "": {"executed_lines": [1, 2, 4, 5, 6, 7, 8, 10, 12, 14, 17, 21, 31, 62, 76, 77, 85, 86], "summary": {"covered_lines": 17, "num_statements": 17, "percent_covered": 100.0, "percent_covered_display": "100", "missing_lines": 0, "excluded_lines": 0}, "missing_lines": [], "excluded_lines": []}}, "classes": {"": {"executed_lines": [1, 2, 4, 5, 6, 7, 8, 10, 12, 14, 17, 18, 21, 22, 23, 24, 31, 33, 35, 36, 37, 38, 39, 46, 47, 48, 49, 62, 76, 77, 79, 81, 82, 85, 86], "summary": {"covered_lines": 34, "num_statements": 63, "percent_covered": 53.96825396825397, "percent_covered_display": "54", "missing_lines": 29, "excluded_lines": 0}, "missing_lines": [25, 26, 27, 28, 50, 51, 52, 53, 54, 55, 56, 57, 58, 59, 64, 65, 69, 70, 71, 72, 73, 88, 89, 90, 91, 92, 93, 94, 95], "excluded_lines": []}}}, "vivarium/runtime/control_panel/blueprints/spawner/__init__.py": {"executed_lines": [1, 2], "summary": {"covered_lines": 2, "num_statements": 2, "percent_covered": 100.0, "percent_covered_display": "100", "missing_lines": 0, "excluded_lines": 0}, "missing_lines": [], "excluded_lines": [], "functions": {"": {"executed_lines": [1, 2], "summary": {"covered_lines": 2, "num_statements": 2, "percent_covered": 100.0, "percent_covered_display": "100", "missing_lines": 0, "excluded_lines": 0}, "missing_lines": [], "excluded_lines": []}}, "classes": {"": {"executed_lines": [1, 2], "summary": {"covered_lines": 2, "num_statements": 2, "percent_covered": 100.0, "percent_covered_display": "100", "missing_lines": 0, "excluded_lines": 0}, "missing_lines": [], "excluded_lines": []}}}, "vivarium/runtime/control_panel/blueprints/spawner/routes.py": {"executed_lines": [1, 2, 4, 5, 6, 8, 10, 13, 26, 36, 83, 97, 106, 139, 140, 152, 153, 162, 163, 172, 173, 182, 183, 192, 193], "summary": {"covered_lines": 24, "num_statements": 93, "percent_covered": 25.806451612903224, "percent_covered_display": "26", "missing_lines": 69, "excluded_lines": 0}, "missing_lines": [17, 23, 28, 29, 38, 39, 47, 48, 49, 50, 51, 52, 53, 55, 56, 57, 62, 63, 64, 65, 66, 67, 69, 70, 71, 73, 74, 75, 76, 77, 78, 80, 85, 86, 87, 93, 94, 99, 100, 101, 102, 103, 107, 108, 
[...]
, "_get_spawner_paths": {"executed_lines": [], "summary": {"covered_lines": 0, "num_statements": 2, "percent_covered": 0.0, "percent_covered_display": "0", "missing_lines": 2, "excluded_lines": 0}, "missing_lines": [28, 29], "excluded_lines": []}, "_get_spawner_status": {"executed_lines": [], "summary": {"covered_lines": 0, "num_statements": 28, "percent_covered": 0.0, "percent_covered_display": "0", "missing_lines": 28, "excluded_lines": 0}, "missing_lines": [38, 39, 47, 48, 49, 50, 51, 52, 53, 55, 56, 57, 62, 63, 64, 65, 66, 67, 69, 70, 71, 73, 74, 75, 76, 77, 78, 80], "excluded_lines": []}, "_save_spawner_process": {"executed_lines": [], "summary": {"covered_lines": 0, "num_statements": 5, "percent_covered": 0.0, "percent_covered_display": "0", "missing_lines": 5, "excluded_lines": 0}, "missing_lines": [85, 86, 87, 93, 94], "excluded_lines": []}, "_save_spawner_config": {"executed_lines": [], "summary": {"covered_lines": 0, "num_statements": 5, "percent_covered": 0.0, "percent_covered_display": "0", "missing_lines": 5, "excluded_lines": 0}, "missing_lines": [99, 100, 101, 102, 103], "excluded_lines": []}, "_sanitize_spawner_start_payload": {"executed_lines": [], "summary": {"covered_lines": 0, "num_statements": 21, "percent_covered": 0.0, "percent_covered_display": "0", "missing_lines": 21, "excluded_lines": 0}, "missing_lines": [107, 108, 109, 110, 112, 113, 114, 115, 116, 117, 119, 120, 121, 122, 123, 124, 126, 127, 128, 129, 131], "excluded_lines": []}, "get_spawner_status": {"executed_lines": [], "summary": {"covered_lines": 0, "num_statements": 1, "percent_covered": 0.0, "percent_covered_display": "0", "missing_lines": 1, "excluded_lines": 0}, "missing_lines": [142], "excluded_lines": []}, "start_spawner": {"executed_lines": [], "summary": {"covered_lines": 0, "num_statements": 1, "percent_covered": 0.0, "percent_covered_display": "0", "missing_lines": 1, "excluded_lines": 0}, "missing_lines": [155], "excluded_lines": []}, "pause_spawner": {"executed_lines": [], "summary": {"covered_lines": 0, "num_statements": 1, "percent_covered": 0.0, "percent_covered_display": "0", "missing_lines": 1, "excluded_lines": 0}, "missing_lines": [165], "excluded_lines": []}, "resume_spawner": {"executed_lines": [], "summary": {"covered_lines": 0, "num_statements": 1, "percent_covered": 0.0, "percent_covered_display": "0", "missing_lines": 1, "excluded_lines": 0}, "missing_lines": [175], "excluded_lines": []}, "kill_spawner": {"executed_lines": [], "summary": {"covered_lines": 0, "num_statements": 1, "percent_covered": 0.0, "percent_covered_display": "0", "missing_lines": 1, "excluded_lines": 0}, "missing_lines": [185], "excluded_lines": []}, "update_spawner_config": {"executed_lines": [], "summary": {"covered_lines": 0, "num_statements": 1, "percent_covered": 0.0, "percent_covered_display": "0", "missing_lines": 1, "excluded_lines": 0}, "missing_lines": [195], "excluded_lines": []}, "": {"executed_lines": [1, 2, 4, 5, 6, 8, 10, 13, 26, 36, 83, 97, 106, 139, 140, 152, 153, 162, 163, 172, 173, 182, 183, 192, 193], "summary": {"covered_lines": 24, "num_statements": 24, "percent_covered": 100.0, "percent_covered_display": "100", "missing_lines": 0, "excluded_lines": 0}, "missing_lines": [], "excluded_lines": []}}, "classes": {"": {"executed_lines": [1, 2, 4, 5, 6, 8, 10, 13, 26, 36, 83, 97, 106, 139, 140, 152, 153, 162, 163, 172, 173, 182, 183, 192, 193], "summary": {"covered_lines": 24, "num_statements": 93, "percent_covered": 25.806451612903224, "percent_covered_display": "26", "missing_lines": 69, "excluded_lines": 0}, "missing_lines": [17, 23, 28, 29, 38, 39, 47, 48, 49, 50, 51, 52, 53, 55, 56, 57, 62, 63, 64, 65, 66, 67, 69, 70, 71, 73, 74, 75, 76, 77, 78, 80, 85, 86, 87, 93, 94, 99, 100, 101, 102, 103, 107, 108, 109, 110, 112, 113, 114, 115, 116, 117, 119, 120, 121, 122, 123, 124, 126, 127, 128, 129, 131, 142, 155, 165, 175, 185, 195], "excluded_lines": []}}}, "vivarium/runtime/control_panel/blueprints/stop_toggle/__init__.py": {"executed_lines": [1, 2, 4], "summary": {"covered_lines": 2, "num_statements": 2, "percent_covered": 100.0, "percent_covered_display": "100", "missing_lines": 0, "excluded_lines": 0}, "missing_lines": [], "excluded_lines": [], "functions": {"": {"executed_lines": [1, 2, 4], "summary": {"covered_lines": 2, "num_statements": 2, "percent_covered": 100.0, "percent_covered_display": "100", "missing_lines": 0, "excluded_lines": 0}, "missing_lines": [], "excluded_lines": []}}, "classes": {"": {"executed_lines": [1, 2, 4], "summary": {"covered_lines": 2, "num_statements": 2, "percent_covered": 100.0, "percent_covered_display": "100", "missing_lines": 0, "excluded_lines": 0}, "missing_lines": [], "excluded_lines": []}}}, "vivarium/runtime/control_panel/blueprints/stop_toggle/routes.py": {"executed_lines": [1, 2, 4, 5, 6, 8, 10, 13, 14, 17, 19, 20, 27, 30, 44, 57, 58, 60, 61, 62, 65, 66], "summary": {"covered_lines": 21, "num_statements": 48, "percent_covered": 43.75, "percent_covered_display": "44", "missing_lines": 27, "excluded_lines": 0}, "missing_lines": [21, 22, 23, 24, 25, 26, 32, 33, 34, 39, 40, 41, 46, 47, 48, 49, 50, 51, 52, 53, 54, 68, 69, 70, 71, 72, 73], "excluded_lines": [], "functions": {"_get_kill_switch_path": {"executed_lines": [14], "summary": {"covered_lines": 1, "num_statements": 1, "percent_covered": 100.0, "percent_covered_display": "100", "missing_lines": 0, "excluded_lines": 0}, "missing_lines": [], "excluded_lines": []}, "get_stop_status": {"executed_lines": [19, 20, 27], "summary": {"covered_lines": 3, "num_statements": 9, "percent_covered": 33.333333333333336, "percent_covered_display": "33", "missing_lines": 6, "excluded_lines": 0}, "missing_lines": [21, 22, 23, 24, 25, 26], "excluded_lines": []}, "set_stop_status": {"executed_lines": [], "summary": {"covered_lines": 0, "num_statements": 6, "percent_covered": 0.0, "percent_covered_display": "0", "missing_lines": 6, "excluded_lines": 0}, "missing_lines": [32, 33, 34, 39, 40, 41], "excluded_lines": []}, "_get_reason": {"executed_lines": [], "summary": {"covered_lines": 0, "num_statements": 9, "percent_covered": 0.0, "percent_covered_display": "0", "missing_lines": 9, "excluded_lines": 0}, "missing_lines": [46, 47, 48, 49, 50, 51, 52, 53, 54], "excluded_lines": []}, "api_stop_status": {"executed_lines": [60, 61, 62], "summary": {"covered_lines": 3, "num_statements": 3, "percent_covered": 100.0, "percent_covered_display": "100", "missing_lines": 0, "excluded_lines": 0}, "missing_lines": [], "excluded_lines": []}, "api_toggle_stop": {"executed_lines": [], "summary": {"covered_lines": 0, "num_statements": 6, "percent_covered": 0.0, "percent_covered_display": "0", "missing_lines": 6, "excluded_lines": 0}, "missing_lines": [68, 69, 70, 71, 72, 73], "excluded_lines": []}, "": {"executed_lines": [1, 2, 4, 5, 6, 8, 10, 13, 17, 30, 44, 57, 58, 65, 66], "summary": {"covered_lines": 14, "num_statements": 14, "percent_covered": 100.0, "percent_covered_display": "100", "missing_lines": 0, "excluded_lines": 0}, "missing_lines": [], "excluded_lines": []}}, "classes": {"": {"executed_lines": [1, 2, 4, 5, 6, 8, 10, 13, 14, 17, 19, 20, 27, 30, 44, 57, 58, 60, 61, 62, 65, 66], "summary": {"covered_lines": 21, "num_statements": 48, "percent_covered": 43.75, "percent_covered_display": "44", "missing_lines": 27, "excluded_lines": 0}, "missing_lines": [21, 22, 23, 24, 25, 26, 32, 33, 34, 39, 40, 41, 46, 47, 48, 49, 50, 51, 52, 53, 54, 68, 69, 70, 71, 72, 73], "excluded_lines": []}}}, "vivarium/runtime/control_panel/blueprints/system/__init__.py": {"executed_lines": [1, 2], "summary": {"covered_lines": 2, "num_statements": 2, "percent_covered": 100.0, "percent_covered_display": "100", "missing_lines": 0, "excluded_lines": 0}, "missing_lines": [], "excluded_lines": [], "functions": {"": {"executed_lines": [1, 2], "summary": {"covered_lines": 2, "num_statements": 2, "percent_covered": 100.0, "percent_covered_display": "100", "missing_lines": 0, "excluded_lines": 0}, "missing_lines": [], "excluded_lines": []}}, "classes": {"": {"executed_lines": [1, 2], "summary": {"covered_lines": 2, "num_statements": 2, "percent_covered": 100.0, "percent_covered_display": "100", "missing_lines": 0, "excluded_lines": 0}, "missing_lines": [], "excluded_lines": []}}}, "vivarium/runtime/control_panel/blueprints/system/routes.py": {"executed_lines": [1, 2, 4, 6, 8, 11, 32, 33], "summary": {"covered_lines": 7, "num_statements": 44, "percent_covered": 15.909090909090908, "percent_covered_display": "16", "missing_lines": 37, "excluded_lines": 0}, "missing_lines": [12, 13, 35, 53, 54, 55, 56, 57, 58, 59, 66, 68, 69, 76, 78, 79, 80, 81, 83, 104, 105, 106, 107, 108, 109, 111, 113, 120, 121, 122, 123, 124, 125, 126, 128, 129, 130], "excluded_lines": [], "functions": {"_app_helpers": {"executed_lines": [], "summary": {"covered_lines": 0, "num_statements": 2, "percent_covered": 0.0, "percent_covered_display": "0", "missing_lines": 2, "excluded_lines": 0}, "missing_lines": [12, 13], "excluded_lines": []}, "api_system_fresh_reset": {"executed_lines": [], "summary": {"covered_lines": 0, "num_statements": 35, "percent_covered": 0.0, "percent_covered_display": "0", "missing_lines": 35, "excluded_lines": 0}, "missing_lines": [35, 53, 54, 55, 56, 57, 58, 59, 66, 68, 69, 76, 78, 79, 80, 81, 83, 104, 105, 106, 107, 108, 109, 111, 113, 120, 121, 122, 123, 124, 125, 126, 128, 129, 130], "excluded_lines": []}, "": {"executed_lines": [1, 2, 4, 6, 8, 11, 32, 33], "summary": {"covered_lines": 7, "num_statements": 7, "percent_covered": 100.0, "percent_covered_display": "100", "missing_lines": 0, "excluded_lines": 0}, "missing_lines": [], "excluded_lines": []}}, "classes": {"": {"executed_lines": [1, 2, 4, 6, 8, 11, 32, 33], "summary": {"covered_lines": 7, "num_statements": 44, "percent_covered": 15.909090909090908, "percent_covered_display": "16", "missing_lines": 37, "excluded_lines": 0}, "missing_lines": [12, 13, 35, 53, 54, 55, 56, 57, 58, 59, 66, 68, 69, 76, 78, 79, 80, 81, 83, 104, 105, 106, 107, 108, 109, 111, 113, 120, 121, 122, 123, 124, 125, 126, 128, 129, 130], "excluded_lines": []}}}, "vivarium/runtime/control_panel/blueprints/ui_settings/__init__.py": {"executed_lines": [1, 2], "summary": {"covered_lines": 2, "num_statements": 2, "percent_covered": 100.0, "percent_covered_display": "100", "missing_lines": 0, "excluded_lines": 0}, "missing_lines": [], "excluded_lines": [], "functions": {"": {"executed_lines": [1, 2], "summary": {"covered_lines": 2, "num_statements": 2, "percent_covered": 100.0, "percent_covered_display": "100", "missing_lines": 0, "excluded_lines": 0}, "missing_lines": [], "excluded_lines": []}}, "classes": {"": {"executed_lines": [1, 2], "summary": {"covered_lines": 2, "num_statements": 2, "percent_covered": 100.0, "percent_covered_display": "100", "missing_lines": 0, "excluded_lines": 0}, "missing_lines": [], "excluded_lines": []}}}, "vivarium/runtime/control_panel/blueprints/ui_settings/routes.py": {"executed_lines": [1, 2, 4, 6, 9, 14, 15, 21, 22], "summary": {"covered_lines": 8, "num_statements": 18, "percent_covered": 44.44444444444444, "percent_covered_display": "44", "missing_lines": 10, "excluded_lines": 0}, "missing_lines": [10, 11, 17, 18, 24, 25, 26, 30, 31, 32], "excluded_lines": [], "functions": {"_app_helpers": {"executed_lines": [], "summary": {"covered_lines": 0, "num_statements": 2, "percent_covered": 0.0, "percent_covered_display": "0", "missing_lines": 2, "excluded_lines": 0}, "missing_lines": [10, 11], "excluded_lines": []}, "api_get_ui_settings": {"executed_lines": [], "summary": {"covered_lines": 0, "num_statements": 2, "percent_covered": 0.0, "percent_covered_display": "0", "missing_lines": 2, "excluded_lines": 0}, "missing_lines": [17, 18], "excluded_lines": []}, "api_set_ui_settings": {"executed_lines": [], "summary": {"covered_lines": 0, "num_statements": 6, "percent_covered": 0.0, "percent_covered_display": "0", "missing_lines": 6, "excluded_lines": 0}, "missing_lines": [24, 25, 26, 30, 31, 32], "excluded_lines": []}, "": {"executed_lines": [1, 2, 4, 6, 9, 14, 15, 21, 22], "summary": {"covered_lines": 8, "num_statements": 8, "percent_covered": 100.0, "percent_covered_display": "100", "missing_lines": 0, "excluded_lines": 0}, "missing_lines": [], "excluded_lines": []}}, "classes": {"": {"executed_lines": [1, 2, 4, 6, 9, 14, 15, 21, 22], "summary": {"covered_lines": 8, "num_statements": 18, "percent_covered": 44.44444444444444, "percent_covered_display": "44", "missing_lines": 10, "excluded_lines": 0}, "missing_lines": [10, 11, 17, 18, 24, 25, 26, 30, 31, 32], "excluded_lines": []}}}, "vivarium/runtime/control_panel/blueprints/worker/__init__.py": {"executed_lines": [1, 2, 4], "summary": {"covered_lines": 2, "num_statements": 2, "percent_covered": 100.0, "percent_covered_display": "100", "missing_lines": 0, "excluded_lines": 0}, "missing_lines": [], "excluded_lines": [], "functions": {"": {"executed_lines": [1, 2, 4], "summary": {"covered_lines": 2, "num_statements": 2, "percent_covered": 100.0, "percent_covered_display": "100", "missing_lines": 0, "excluded_lines": 0}, "missing_lines": [], "excluded_lines": []}}, "classes": {"": {"executed_lines": [1, 2, 4], "summary": {"covered_lines": 2, "num_statements": 2, "percent_covered": 100.0, "percent_covered_display": "100", "missing_lines": 0, "excluded_lines": 0}, "missing_lines": [], "excluded_lines": []}}}, "vivarium/runtime/control_panel/blueprints/worker/routes.py": {"executed_lines": [1, 2, 4, 6, 9, 11, 18, 27, 28, 30, 31, 32, 46, 47, 49, 50, 51, 52, 53, 54, 58, 59, 61, 62, 63], "summary": {"covered_lines": 24, "num_statements": 25, "percent_covered": 96.0, "percent_covered_display": "96", "missing_lines": 1, "excluded_lines": 0}, "missing_lines": [55], "excluded_lines": [], "functions": {"_worker_helpers": {"executed_lines": [11, 18], "summary": {"covered_lines": 2, "num_statements": 2, "percent_covered": 100.0, "percent_covered_display": "100", "missing_lines": 0, "excluded_lines": 0}, "missing_lines": [], "excluded_lines": []}, "api_worker_status": {"executed_lines": [30, 31, 32], "summary": {"covered_lines": 3, "num_statements": 3, "percent_covered": 100.0, "percent_covered_display": "100", "missing_lines": 0, "excluded_lines": 0}, "missing_lines": [], "excluded_lines": []}, "api_worker_start": {"executed_lines": [49, 50, 51, 52, 53, 54], "summary": {"covered_lines": 6, "num_statements": 7, "percent_covered": 85.71428571428571, "percent_covered_display": "86", "missing_lines": 1, "excluded_lines": 0}, "missing_lines": [55], "excluded_lines": []}, "api_worker_stop": {"executed_lines": [61, 62, 63], "summary": {"covered_lines": 3, "num_statements": 3, "percent_covered": 100.0, "percent_covered_display": "100", "missing_lines": 0, "excluded_lines": 0}, "missing_lines": [], "excluded_lines": []}, "": {"executed_lines": [1, 2, 4, 6, 9, 27, 28, 46, 47, 58, 59], "summary": {"covered_lines": 10, "num_statements": 10, "percent_covered": 100.0, "percent_covered_display": "100", "missing_lines": 0, "excluded_lines": 0}, "missing_lines": [], "excluded_lines": []}}, "classes": {"": {"executed_lines": [1, 2, 4, 6, 9, 11, 18, 27, 28, 30, 31, 32, 46, 47, 49, 50, 51, 52, 53, 54, 58, 59, 61, 62, 63], "summary": {"covered_lines": 24, "num_statements": 25, "percent_covered": 96.0, "percent_covered_display": "96", "missing_lines": 1, "excluded_lines": 0}, "missing_lines": [55], "excluded_lines": []}}}, "vivarium/runtime/control_panel/blueprints_registry.py": {"executed_lines": [1, 2, 5, 6, 7, 8, 9, 10, 11, 12, 13, 14, 15, 16, 17, 18, 19, 20, 21, 22, 23, 24, 25, 27, 52, 54, 55, 56], "summary": {"covered_lines": 27, "num_statements": 27, "percent_covered": 100.0, "percent_covered_display": "100", "missing_lines": 0, "excluded_lines": 0}, "missing_lines": [], "excluded_lines": [], "functions": {"register_blueprints": {"executed_lines": [54, 55, 56], "summary": {"covered_lines": 3, "num_statements": 3, "percent_covered": 100.0, "percent_covered_display": "100", "missing_lines": 0, "excluded_lines": 0}, "missing_lines": [], "excluded_lines": []}, "": {"executed_lines": [1, 2, 5, 6, 7, 8, 9, 10, 11, 12, 13, 14, 15, 16, 17, 18, 19, 20, 21, 22, 23, 24, 25, 27, 52], "summary": {"covered_lines": 24, "num_statements": 24, "percent_covered": 100.0, "percent_covered_display": "100", "missing_lines": 0, "excluded_lines": 0}, "missing_lines": [], "excluded_lines": []}}, "classes": {"": {"executed_lines": [1, 2, 5, 6, 7, 8, 9, 10, 11, 12, 13, 14, 15, 16, 17, 18, 19, 20, 21, 22, 23, 24, 25, 27, 52, 54, 55, 56], "summary": {"covered_lines": 27, "num_statements": 27, "percent_covered": 100.0, "percent_covered_display": "100", "missing_lines": 0, "excluded_lines": 0}, "missing_lines": [], "excluded_lines": []}}}, "vivarium/runtime/control_panel/frontend_template.py": {"executed_lines": [1], "summary": {"covered_lines": 1, "num_statements": 1, "percent_covered": 100.0, "percent_covered_display": "100", "missing_lines": 0, "excluded_lines": 0}, "missing_lines": [], "excluded_lines": [], "functions": {"": {"executed_lines": [1], "summary": {"covered_lines": 1, "num_statements": 1, "percent_covered": 100.0, "percent_covered_display": "100", "missing_lines": 0, "excluded_lines": 0}, "missing_lines": [], "excluded_lines": []}}, "classes": {"": {"executed_lines": [1], "summary": {"covered_lines": 1, "num_statements": 1, "percent_covered": 100.0, "percent_covered_display": "100", "missing_lines": 0, "excluded_lines": 0}, "missing_lines": [], "excluded_lines": []}}}, "vivarium/runtime/control_panel/middleware.py": {"executed_lines": [1, 5, 7, 10, 11, 12, 14, 16, 17, 22, 23, 24, 25, 26, 29, 31, 34, 35, 36, 37, 40, 41, 42, 43, 44, 45], "summary": {"covered_lines": 25, "num_statements": 29, "percent_covered": 86.20689655172414, "percent_covered_display": "86", "missing_lines": 4, "excluded_lines": 0}, "missing_lines": [13, 15, 18, 19], "excluded_lines": [], "functions": {"_is_loopback_host": {"executed_lines": [11, 12, 14, 16, 17], "summary": {"covered_lines": 5, "num_statements": 9, "percent_covered": 55.55555555555556, "percent_covered_display": "56", "missing_lines": 4, "excluded_lines": 0}, "missing_lines": [13, 15, 18, 19], "excluded_lines": []}, "_request_source_host": {"executed_lines": [23, 24, 25, 26], "summary": {"covered_lines": 4, "num_statements": 4, "percent_covered": 100.0, "percent_covered_display": "100", "missing_lines": 0, "excluded_lines": 0}, "missing_lines": [], "excluded_lines": []}, "is_request_from_loopback": {"executed_lines": [31], "summary": {"covered_lines": 1, "num_statements": 1, "percent_covered": 100.0, "percent_covered_display": "100", "missing_lines": 0, "excluded_lines": 0}, "missing_lines": [], "excluded_lines": []}, "enforce_localhost_only": {"executed_lines": [35, 36, 37], "summary": {"covered_lines": 3, "num_statements": 3, "percent_covered": 100.0, "percent_covered_display": "100", "missing_lines": 0, "excluded_lines": 0}, "missing_lines": [], "excluded_lines": []}, "apply_security_headers": {"executed_lines": [41, 42, 43, 44, 45], "summary": {"covered_lines": 5, "num_statements": 5, "percent_covered": 100.0, "percent_covered_display": "100", "missing_lines": 0, "excluded_lines": 0}, "missing_lines": [], "excluded_lines": []}, "": {"executed_lines": [1, 5, 7, 10, 22, 29, 34, 40], "summary": {"covered_lines": 7, "num_statements": 7, "percent_covered": 100.0, "percent_covered_display": "100", "missing_lines": 0, "excluded_lines": 0}, "missing_lines": [], "excluded_lines": []}}, "classes": {"": {"executed_lines": [1, 5, 7, 10, 11, 12, 14, 16, 17, 22, 23, 24, 25, 26, 29, 31, 34, 35, 36, 37, 40, 41, 42, 43, 44, 45], "summary": {"covered_lines": 25, "num_statements": 29, "percent_covered": 86.20689655172414, "percent_covered_display": "86", "missing_lines": 4, "excluded_lines": 0}, "missing_lines": [13, 15, 18, 19], "excluded_lines": []}}}}, "totals": {"covered_lines": 750, "num_statements": 2268, "percent_covered": 33.06878306878307, "percent_covered_display": "33", "missing_lines": 1518, "excluded_lines": 0}}